ARM GAS  C:\Users\Walaa\AppData\Local\Temp\ccse4bgn.s 			page 1


   1              		.syntax unified
   2              		.cpu cortex-m3
   3              		.fpu softvfp
   4              		.eabi_attribute 20, 1
   5              		.eabi_attribute 21, 1
   6              		.eabi_attribute 23, 3
   7              		.eabi_attribute 24, 1
   8              		.eabi_attribute 25, 1
   9              		.eabi_attribute 26, 1
  10              		.eabi_attribute 30, 1
  11              		.eabi_attribute 34, 1
  12              		.eabi_attribute 18, 4
  13              		.thumb
  14              		.syntax unified
  15              		.file	"cymetadata.c"
  16              		.text
  17              	.Ltext0:
  18              		.cfi_sections	.debug_frame
  19              		.global	cy_metadata
  20              		.global	cy_meta_flashprotect
  21              		.global	cy_meta_wonvl
  22              		.global	cy_meta_custnvl
  23              		.global	cy_meta_configecc
  24              		.section	.cyconfigecc,"a",%progbits
  25              		.align	2
  26              		.type	cy_meta_configecc, %object
  27              		.size	cy_meta_configecc, 1128
  28              	cy_meta_configecc:
  29 0000 01       		.byte	1
  30 0001 45       		.byte	69
  31 0002 00       		.byte	0
  32 0003 40       		.byte	64
  33 0004 03       		.byte	3
  34 0005 52       		.byte	82
  35 0006 00       		.byte	0
  36 0007 40       		.byte	64
  37 0008 03       		.byte	3
  38 0009 64       		.byte	100
  39 000a 00       		.byte	0
  40 000b 40       		.byte	64
  41 000c 02       		.byte	2
  42 000d 03       		.byte	3
  43 000e 01       		.byte	1
  44 000f 40       		.byte	64
  45 0010 02       		.byte	2
  46 0011 09       		.byte	9
  47 0012 01       		.byte	1
  48 0013 40       		.byte	64
  49 0014 4A       		.byte	74
  50 0015 0A       		.byte	10
  51 0016 01       		.byte	1
  52 0017 40       		.byte	64
  53 0018 47       		.byte	71
  54 0019 0B       		.byte	11
  55 001a 01       		.byte	1
  56 001b 40       		.byte	64
  57 001c 4C       		.byte	76
ARM GAS  C:\Users\Walaa\AppData\Local\Temp\ccse4bgn.s 			page 2


  58 001d 0C       		.byte	12
  59 001e 01       		.byte	1
  60 001f 40       		.byte	64
  61 0020 4D       		.byte	77
  62 0021 0D       		.byte	13
  63 0022 01       		.byte	1
  64 0023 40       		.byte	64
  65 0024 16       		.byte	22
  66 0025 0E       		.byte	14
  67 0026 01       		.byte	1
  68 0027 40       		.byte	64
  69 0028 31       		.byte	49
  70 0029 0F       		.byte	15
  71 002a 01       		.byte	1
  72 002b 40       		.byte	64
  73 002c 01       		.byte	1
  74 002d 17       		.byte	23
  75 002e 01       		.byte	1
  76 002f 40       		.byte	64
  77 0030 01       		.byte	1
  78 0031 19       		.byte	25
  79 0032 01       		.byte	1
  80 0033 40       		.byte	64
  81 0034 04       		.byte	4
  82 0035 40       		.byte	64
  83 0036 01       		.byte	1
  84 0037 40       		.byte	64
  85 0038 07       		.byte	7
  86 0039 41       		.byte	65
  87 003a 01       		.byte	1
  88 003b 40       		.byte	64
  89 003c 02       		.byte	2
  90 003d 42       		.byte	66
  91 003e 01       		.byte	1
  92 003f 40       		.byte	64
  93 0040 02       		.byte	2
  94 0041 43       		.byte	67
  95 0042 01       		.byte	1
  96 0043 40       		.byte	64
  97 0044 05       		.byte	5
  98 0045 44       		.byte	68
  99 0046 01       		.byte	1
 100 0047 40       		.byte	64
 101 0048 04       		.byte	4
 102 0049 45       		.byte	69
 103 004a 01       		.byte	1
 104 004b 40       		.byte	64
 105 004c 03       		.byte	3
 106 004d 46       		.byte	70
 107 004e 01       		.byte	1
 108 004f 40       		.byte	64
 109 0050 03       		.byte	3
 110 0051 47       		.byte	71
 111 0052 01       		.byte	1
 112 0053 40       		.byte	64
 113 0054 03       		.byte	3
 114 0055 48       		.byte	72
ARM GAS  C:\Users\Walaa\AppData\Local\Temp\ccse4bgn.s 			page 3


 115 0056 01       		.byte	1
 116 0057 40       		.byte	64
 117 0058 02       		.byte	2
 118 0059 4C       		.byte	76
 119 005a 01       		.byte	1
 120 005b 40       		.byte	64
 121 005c 03       		.byte	3
 122 005d 50       		.byte	80
 123 005e 01       		.byte	1
 124 005f 40       		.byte	64
 125 0060 01       		.byte	1
 126 0061 51       		.byte	81
 127 0062 01       		.byte	1
 128 0063 40       		.byte	64
 129 0064 7E       		.byte	126
 130 0065 02       		.byte	2
 131 0066 34       		.byte	52
 132 0067 01       		.byte	1
 133 0068 60       		.byte	96
 134 0069 10       		.byte	16
 135 006a 7C       		.byte	124
 136 006b 40       		.byte	64
 137 006c 8B       		.byte	-117
 138 006d 72       		.byte	114
 139 006e 8C       		.byte	-116
 140 006f 38       		.byte	56
 141 0070 8D       		.byte	-115
 142 0071 0F       		.byte	15
 143 0072 E2       		.byte	-30
 144 0073 01       		.byte	1
 145 0074 E6       		.byte	-26
 146 0075 02       		.byte	2
 147 0076 B4       		.byte	-76
 148 0077 10       		.byte	16
 149 0078 B7       		.byte	-73
 150 0079 40       		.byte	64
 151 007a 07       		.byte	7
 152 007b 08       		.byte	8
 153 007c 0D       		.byte	13
 154 007d 01       		.byte	1
 155 007e 0F       		.byte	15
 156 007f 06       		.byte	6
 157 0080 15       		.byte	21
 158 0081 01       		.byte	1
 159 0082 17       		.byte	23
 160 0083 0E       		.byte	14
 161 0084 18       		.byte	24
 162 0085 01       		.byte	1
 163 0086 19       		.byte	25
 164 0087 0C       		.byte	12
 165 0088 1B       		.byte	27
 166 0089 03       		.byte	3
 167 008a 2B       		.byte	43
 168 008b 0C       		.byte	12
 169 008c 2F       		.byte	47
 170 008d 03       		.byte	3
 171 008e 32       		.byte	50
ARM GAS  C:\Users\Walaa\AppData\Local\Temp\ccse4bgn.s 			page 4


 172 008f 01       		.byte	1
 173 0090 35       		.byte	53
 174 0091 0F       		.byte	15
 175 0092 3B       		.byte	59
 176 0093 20       		.byte	32
 177 0094 3E       		.byte	62
 178 0095 04       		.byte	4
 179 0096 40       		.byte	64
 180 0097 14       		.byte	20
 181 0098 41       		.byte	65
 182 0099 06       		.byte	6
 183 009a 45       		.byte	69
 184 009b 0C       		.byte	12
 185 009c 46       		.byte	70
 186 009d B0       		.byte	-80
 187 009e 47       		.byte	71
 188 009f 0E       		.byte	14
 189 00a0 48       		.byte	72
 190 00a1 19       		.byte	25
 191 00a2 49       		.byte	73
 192 00a3 FF       		.byte	-1
 193 00a4 4A       		.byte	74
 194 00a5 FF       		.byte	-1
 195 00a6 4B       		.byte	75
 196 00a7 FF       		.byte	-1
 197 00a8 4E       		.byte	78
 198 00a9 F0       		.byte	-16
 199 00aa 4F       		.byte	79
 200 00ab 44       		.byte	68
 201 00ac 50       		.byte	80
 202 00ad 0C       		.byte	12
 203 00ae 58       		.byte	88
 204 00af 04       		.byte	4
 205 00b0 59       		.byte	89
 206 00b1 04       		.byte	4
 207 00b2 5A       		.byte	90
 208 00b3 04       		.byte	4
 209 00b4 5F       		.byte	95
 210 00b5 01       		.byte	1
 211 00b6 66       		.byte	102
 212 00b7 C0       		.byte	-64
 213 00b8 6A       		.byte	106
 214 00b9 40       		.byte	64
 215 00ba 6B       		.byte	107
 216 00bb 02       		.byte	2
 217 00bc 80       		.byte	-128
 218 00bd 01       		.byte	1
 219 00be 81       		.byte	-127
 220 00bf 08       		.byte	8
 221 00c0 84       		.byte	-124
 222 00c1 1E       		.byte	30
 223 00c2 85       		.byte	-123
 224 00c3 04       		.byte	4
 225 00c4 88       		.byte	-120
 226 00c5 06       		.byte	6
 227 00c6 89       		.byte	-119
 228 00c7 0C       		.byte	12
ARM GAS  C:\Users\Walaa\AppData\Local\Temp\ccse4bgn.s 			page 5


 229 00c8 8A       		.byte	-118
 230 00c9 18       		.byte	24
 231 00ca 8C       		.byte	-116
 232 00cb 1A       		.byte	26
 233 00cc 8D       		.byte	-115
 234 00cd 01       		.byte	1
 235 00ce 8E       		.byte	-114
 236 00cf 04       		.byte	4
 237 00d0 95       		.byte	-107
 238 00d1 12       		.byte	18
 239 00d2 97       		.byte	-105
 240 00d3 0C       		.byte	12
 241 00d4 98       		.byte	-104
 242 00d5 1A       		.byte	26
 243 00d6 99       		.byte	-103
 244 00d7 1E       		.byte	30
 245 00d8 9A       		.byte	-102
 246 00d9 04       		.byte	4
 247 00da 9E       		.byte	-98
 248 00db 04       		.byte	4
 249 00dc 9F       		.byte	-97
 250 00dd 02       		.byte	2
 251 00de A1       		.byte	-95
 252 00df 0C       		.byte	12
 253 00e0 A3       		.byte	-93
 254 00e1 12       		.byte	18
 255 00e2 A4       		.byte	-92
 256 00e3 08       		.byte	8
 257 00e4 A5       		.byte	-91
 258 00e5 0E       		.byte	14
 259 00e6 A7       		.byte	-89
 260 00e7 10       		.byte	16
 261 00e8 A8       		.byte	-88
 262 00e9 18       		.byte	24
 263 00ea A9       		.byte	-87
 264 00eb 01       		.byte	1
 265 00ec AC       		.byte	-84
 266 00ed 10       		.byte	16
 267 00ee AD       		.byte	-83
 268 00ef 01       		.byte	1
 269 00f0 B0       		.byte	-80
 270 00f1 01       		.byte	1
 271 00f2 B2       		.byte	-78
 272 00f3 02       		.byte	2
 273 00f4 B3       		.byte	-77
 274 00f5 0E       		.byte	14
 275 00f6 B5       		.byte	-75
 276 00f7 10       		.byte	16
 277 00f8 B6       		.byte	-74
 278 00f9 1C       		.byte	28
 279 00fa B7       		.byte	-73
 280 00fb 01       		.byte	1
 281 00fc B9       		.byte	-71
 282 00fd 20       		.byte	32
 283 00fe BA       		.byte	-70
 284 00ff A0       		.byte	-96
 285 0100 BE       		.byte	-66
ARM GAS  C:\Users\Walaa\AppData\Local\Temp\ccse4bgn.s 			page 6


 286 0101 05       		.byte	5
 287 0102 D6       		.byte	-42
 288 0103 02       		.byte	2
 289 0104 D7       		.byte	-41
 290 0105 11       		.byte	17
 291 0106 D8       		.byte	-40
 292 0107 04       		.byte	4
 293 0108 D9       		.byte	-39
 294 0109 04       		.byte	4
 295 010a DB       		.byte	-37
 296 010b 04       		.byte	4
 297 010c DF       		.byte	-33
 298 010d 01       		.byte	1
 299 010e 04       		.byte	4
 300 010f 04       		.byte	4
 301 0110 05       		.byte	5
 302 0111 42       		.byte	66
 303 0112 07       		.byte	7
 304 0113 15       		.byte	21
 305 0114 0B       		.byte	11
 306 0115 08       		.byte	8
 307 0116 0D       		.byte	13
 308 0117 80       		.byte	-128
 309 0118 0E       		.byte	14
 310 0119 0C       		.byte	12
 311 011a 16       		.byte	22
 312 011b 02       		.byte	2
 313 011c 17       		.byte	23
 314 011d 28       		.byte	40
 315 011e 19       		.byte	25
 316 011f 04       		.byte	4
 317 0120 1C       		.byte	28
 318 0121 44       		.byte	68
 319 0122 1D       		.byte	29
 320 0123 40       		.byte	64
 321 0124 1E       		.byte	30
 322 0125 10       		.byte	16
 323 0126 1F       		.byte	31
 324 0127 40       		.byte	64
 325 0128 20       		.byte	32
 326 0129 08       		.byte	8
 327 012a 21       		.byte	33
 328 012b 20       		.byte	32
 329 012c 24       		.byte	36
 330 012d 0A       		.byte	10
 331 012e 25       		.byte	37
 332 012f 80       		.byte	-128
 333 0130 26       		.byte	38
 334 0131 88       		.byte	-120
 335 0132 29       		.byte	41
 336 0133 10       		.byte	16
 337 0134 2B       		.byte	43
 338 0135 02       		.byte	2
 339 0136 2D       		.byte	45
 340 0137 10       		.byte	16
 341 0138 2E       		.byte	46
 342 0139 44       		.byte	68
ARM GAS  C:\Users\Walaa\AppData\Local\Temp\ccse4bgn.s 			page 7


 343 013a 2F       		.byte	47
 344 013b 40       		.byte	64
 345 013c 30       		.byte	48
 346 013d 08       		.byte	8
 347 013e 31       		.byte	49
 348 013f 20       		.byte	32
 349 0140 36       		.byte	54
 350 0141 80       		.byte	-128
 351 0142 37       		.byte	55
 352 0143 14       		.byte	20
 353 0144 39       		.byte	57
 354 0145 80       		.byte	-128
 355 0146 3A       		.byte	58
 356 0147 04       		.byte	4
 357 0148 3E       		.byte	62
 358 0149 2A       		.byte	42
 359 014a 3F       		.byte	63
 360 014b 80       		.byte	-128
 361 014c 41       		.byte	65
 362 014d 40       		.byte	64
 363 014e 43       		.byte	67
 364 014f 02       		.byte	2
 365 0150 48       		.byte	72
 366 0151 18       		.byte	24
 367 0152 4B       		.byte	75
 368 0153 10       		.byte	16
 369 0154 53       		.byte	83
 370 0155 1C       		.byte	28
 371 0156 5E       		.byte	94
 372 0157 10       		.byte	16
 373 0158 6C       		.byte	108
 374 0159 10       		.byte	16
 375 015a 6D       		.byte	109
 376 015b 10       		.byte	16
 377 015c 6E       		.byte	110
 378 015d 40       		.byte	64
 379 015e 74       		.byte	116
 380 015f 20       		.byte	32
 381 0160 76       		.byte	118
 382 0161 2A       		.byte	42
 383 0162 77       		.byte	119
 384 0163 28       		.byte	40
 385 0164 8C       		.byte	-116
 386 0165 40       		.byte	64
 387 0166 91       		.byte	-111
 388 0167 80       		.byte	-128
 389 0168 93       		.byte	-109
 390 0169 10       		.byte	16
 391 016a 94       		.byte	-108
 392 016b 2A       		.byte	42
 393 016c 95       		.byte	-107
 394 016d 10       		.byte	16
 395 016e 97       		.byte	-105
 396 016f 20       		.byte	32
 397 0170 99       		.byte	-103
 398 0171 12       		.byte	18
 399 0172 9A       		.byte	-102
ARM GAS  C:\Users\Walaa\AppData\Local\Temp\ccse4bgn.s 			page 8


 400 0173 04       		.byte	4
 401 0174 9B       		.byte	-101
 402 0175 04       		.byte	4
 403 0176 9D       		.byte	-99
 404 0177 04       		.byte	4
 405 0178 9E       		.byte	-98
 406 0179 22       		.byte	34
 407 017a 9F       		.byte	-97
 408 017b 11       		.byte	17
 409 017c A2       		.byte	-94
 410 017d 04       		.byte	4
 411 017e A3       		.byte	-93
 412 017f 02       		.byte	2
 413 0180 A4       		.byte	-92
 414 0181 34       		.byte	52
 415 0182 A6       		.byte	-90
 416 0183 08       		.byte	8
 417 0184 A7       		.byte	-89
 418 0185 08       		.byte	8
 419 0186 B0       		.byte	-80
 420 0187 02       		.byte	2
 421 0188 B3       		.byte	-77
 422 0189 08       		.byte	8
 423 018a C0       		.byte	-64
 424 018b F0       		.byte	-16
 425 018c C2       		.byte	-62
 426 018d C2       		.byte	-62
 427 018e C4       		.byte	-60
 428 018f E0       		.byte	-32
 429 0190 CA       		.byte	-54
 430 0191 FC       		.byte	-4
 431 0192 CC       		.byte	-52
 432 0193 76       		.byte	118
 433 0194 CE       		.byte	-50
 434 0195 FA       		.byte	-6
 435 0196 D0       		.byte	-48
 436 0197 09       		.byte	9
 437 0198 D2       		.byte	-46
 438 0199 04       		.byte	4
 439 019a D6       		.byte	-42
 440 019b 20       		.byte	32
 441 019c 01       		.byte	1
 442 019d 03       		.byte	3
 443 019e 06       		.byte	6
 444 019f 01       		.byte	1
 445 01a0 07       		.byte	7
 446 01a1 40       		.byte	64
 447 01a2 09       		.byte	9
 448 01a3 73       		.byte	115
 449 01a4 0B       		.byte	11
 450 01a5 0C       		.byte	12
 451 01a6 0D       		.byte	13
 452 01a7 02       		.byte	2
 453 01a8 11       		.byte	17
 454 01a9 4F       		.byte	79
 455 01aa 13       		.byte	19
 456 01ab 10       		.byte	16
ARM GAS  C:\Users\Walaa\AppData\Local\Temp\ccse4bgn.s 			page 9


 457 01ac 14       		.byte	20
 458 01ad 02       		.byte	2
 459 01ae 15       		.byte	21
 460 01af 4C       		.byte	76
 461 01b0 17       		.byte	23
 462 01b1 23       		.byte	35
 463 01b2 19       		.byte	25
 464 01b3 7F       		.byte	127
 465 01b4 1C       		.byte	28
 466 01b5 04       		.byte	4
 467 01b6 1D       		.byte	29
 468 01b7 41       		.byte	65
 469 01b8 21       		.byte	33
 470 01b9 08       		.byte	8
 471 01ba 22       		.byte	34
 472 01bb 01       		.byte	1
 473 01bc 25       		.byte	37
 474 01bd 04       		.byte	4
 475 01be 26       		.byte	38
 476 01bf 02       		.byte	2
 477 01c0 29       		.byte	41
 478 01c1 0C       		.byte	12
 479 01c2 2C       		.byte	44
 480 01c3 02       		.byte	2
 481 01c4 2F       		.byte	47
 482 01c5 33       		.byte	51
 483 01c6 32       		.byte	50
 484 01c7 01       		.byte	1
 485 01c8 33       		.byte	51
 486 01c9 7C       		.byte	124
 487 01ca 34       		.byte	52
 488 01cb 06       		.byte	6
 489 01cc 35       		.byte	53
 490 01cd 0F       		.byte	15
 491 01ce 38       		.byte	56
 492 01cf 20       		.byte	32
 493 01d0 3B       		.byte	59
 494 01d1 28       		.byte	40
 495 01d2 3E       		.byte	62
 496 01d3 04       		.byte	4
 497 01d4 40       		.byte	64
 498 01d5 03       		.byte	3
 499 01d6 47       		.byte	71
 500 01d7 04       		.byte	4
 501 01d8 49       		.byte	73
 502 01d9 FF       		.byte	-1
 503 01da 4A       		.byte	74
 504 01db 07       		.byte	7
 505 01dc 4B       		.byte	75
 506 01dd FF       		.byte	-1
 507 01de 4C       		.byte	76
 508 01df 40       		.byte	64
 509 01e0 4D       		.byte	77
 510 01e1 20       		.byte	32
 511 01e2 4E       		.byte	78
 512 01e3 F0       		.byte	-16
 513 01e4 4F       		.byte	79
ARM GAS  C:\Users\Walaa\AppData\Local\Temp\ccse4bgn.s 			page 10


 514 01e5 05       		.byte	5
 515 01e6 50       		.byte	80
 516 01e7 08       		.byte	8
 517 01e8 54       		.byte	84
 518 01e9 18       		.byte	24
 519 01ea 56       		.byte	86
 520 01eb 04       		.byte	4
 521 01ec 58       		.byte	88
 522 01ed 04       		.byte	4
 523 01ee 59       		.byte	89
 524 01ef 04       		.byte	4
 525 01f0 5A       		.byte	90
 526 01f1 04       		.byte	4
 527 01f2 5B       		.byte	91
 528 01f3 04       		.byte	4
 529 01f4 5F       		.byte	95
 530 01f5 01       		.byte	1
 531 01f6 60       		.byte	96
 532 01f7 40       		.byte	64
 533 01f8 61       		.byte	97
 534 01f9 A8       		.byte	-88
 535 01fa 62       		.byte	98
 536 01fb 40       		.byte	64
 537 01fc 63       		.byte	99
 538 01fd 20       		.byte	32
 539 01fe 83       		.byte	-125
 540 01ff 05       		.byte	5
 541 0200 84       		.byte	-124
 542 0201 1C       		.byte	28
 543 0202 85       		.byte	-123
 544 0203 06       		.byte	6
 545 0204 86       		.byte	-122
 546 0205 02       		.byte	2
 547 0206 87       		.byte	-121
 548 0207 01       		.byte	1
 549 0208 88       		.byte	-120
 550 0209 10       		.byte	16
 551 020a 8E       		.byte	-114
 552 020b 03       		.byte	3
 553 020c 93       		.byte	-109
 554 020d 01       		.byte	1
 555 020e 94       		.byte	-108
 556 020f 14       		.byte	20
 557 0210 97       		.byte	-105
 558 0211 03       		.byte	3
 559 0212 9B       		.byte	-101
 560 0213 06       		.byte	6
 561 0214 9C       		.byte	-100
 562 0215 10       		.byte	16
 563 0216 9E       		.byte	-98
 564 0217 0C       		.byte	12
 565 0218 A4       		.byte	-92
 566 0219 09       		.byte	9
 567 021a A6       		.byte	-90
 568 021b 10       		.byte	16
 569 021c A7       		.byte	-89
 570 021d 02       		.byte	2
ARM GAS  C:\Users\Walaa\AppData\Local\Temp\ccse4bgn.s 			page 11


 571 021e A8       		.byte	-88
 572 021f 0C       		.byte	12
 573 0220 AA       		.byte	-86
 574 0221 11       		.byte	17
 575 0222 B0       		.byte	-80
 576 0223 1F       		.byte	31
 577 0224 B3       		.byte	-77
 578 0225 07       		.byte	7
 579 0226 BB       		.byte	-69
 580 0227 08       		.byte	8
 581 0228 D4       		.byte	-44
 582 0229 01       		.byte	1
 583 022a D6       		.byte	-42
 584 022b 04       		.byte	4
 585 022c D8       		.byte	-40
 586 022d 04       		.byte	4
 587 022e D9       		.byte	-39
 588 022f 04       		.byte	4
 589 0230 DB       		.byte	-37
 590 0231 04       		.byte	4
 591 0232 DF       		.byte	-33
 592 0233 01       		.byte	1
 593 0234 00       		.byte	0
 594 0235 48       		.byte	72
 595 0236 02       		.byte	2
 596 0237 04       		.byte	4
 597 0238 04       		.byte	4
 598 0239 08       		.byte	8
 599 023a 0B       		.byte	11
 600 023b 21       		.byte	33
 601 023c 0F       		.byte	15
 602 023d 12       		.byte	18
 603 023e 10       		.byte	16
 604 023f 10       		.byte	16
 605 0240 13       		.byte	19
 606 0241 10       		.byte	16
 607 0242 15       		.byte	21
 608 0243 85       		.byte	-123
 609 0244 18       		.byte	24
 610 0245 40       		.byte	64
 611 0246 19       		.byte	25
 612 0247 02       		.byte	2
 613 0248 1D       		.byte	29
 614 0249 10       		.byte	16
 615 024a 1F       		.byte	31
 616 024b 04       		.byte	4
 617 024c 21       		.byte	33
 618 024d 08       		.byte	8
 619 024e 23       		.byte	35
 620 024f 10       		.byte	16
 621 0250 25       		.byte	37
 622 0251 10       		.byte	16
 623 0252 26       		.byte	38
 624 0253 04       		.byte	4
 625 0254 27       		.byte	39
 626 0255 04       		.byte	4
 627 0256 2A       		.byte	42
ARM GAS  C:\Users\Walaa\AppData\Local\Temp\ccse4bgn.s 			page 12


 628 0257 04       		.byte	4
 629 0258 2C       		.byte	44
 630 0259 20       		.byte	32
 631 025a 2D       		.byte	45
 632 025b 40       		.byte	64
 633 025c 2E       		.byte	46
 634 025d 22       		.byte	34
 635 025e 30       		.byte	48
 636 025f 10       		.byte	16
 637 0260 31       		.byte	49
 638 0261 18       		.byte	24
 639 0262 33       		.byte	51
 640 0263 02       		.byte	2
 641 0264 34       		.byte	52
 642 0265 80       		.byte	-128
 643 0266 36       		.byte	54
 644 0267 04       		.byte	4
 645 0268 37       		.byte	55
 646 0269 11       		.byte	17
 647 026a 39       		.byte	57
 648 026b 04       		.byte	4
 649 026c 3B       		.byte	59
 650 026d 01       		.byte	1
 651 026e 3C       		.byte	60
 652 026f 04       		.byte	4
 653 0270 3D       		.byte	61
 654 0271 22       		.byte	34
 655 0272 3E       		.byte	62
 656 0273 40       		.byte	64
 657 0274 47       		.byte	71
 658 0275 08       		.byte	8
 659 0276 4C       		.byte	76
 660 0277 01       		.byte	1
 661 0278 4D       		.byte	77
 662 0279 40       		.byte	64
 663 027a 56       		.byte	86
 664 027b 04       		.byte	4
 665 027c 57       		.byte	87
 666 027d 03       		.byte	3
 667 027e 58       		.byte	88
 668 027f 02       		.byte	2
 669 0280 59       		.byte	89
 670 0281 A4       		.byte	-92
 671 0282 5E       		.byte	94
 672 0283 02       		.byte	2
 673 0284 62       		.byte	98
 674 0285 02       		.byte	2
 675 0286 66       		.byte	102
 676 0287 80       		.byte	-128
 677 0288 67       		.byte	103
 678 0289 48       		.byte	72
 679 028a 82       		.byte	-126
 680 028b 02       		.byte	2
 681 028c 87       		.byte	-121
 682 028d 40       		.byte	64
 683 028e 90       		.byte	-112
 684 028f 04       		.byte	4
ARM GAS  C:\Users\Walaa\AppData\Local\Temp\ccse4bgn.s 			page 13


 685 0290 91       		.byte	-111
 686 0291 85       		.byte	-123
 687 0292 92       		.byte	-110
 688 0293 40       		.byte	64
 689 0294 93       		.byte	-109
 690 0295 01       		.byte	1
 691 0296 94       		.byte	-108
 692 0297 22       		.byte	34
 693 0298 95       		.byte	-107
 694 0299 10       		.byte	16
 695 029a 97       		.byte	-105
 696 029b 10       		.byte	16
 697 029c 98       		.byte	-104
 698 029d 80       		.byte	-128
 699 029e 99       		.byte	-103
 700 029f A0       		.byte	-96
 701 02a0 9A       		.byte	-102
 702 02a1 80       		.byte	-128
 703 02a2 9B       		.byte	-101
 704 02a3 08       		.byte	8
 705 02a4 9D       		.byte	-99
 706 02a5 10       		.byte	16
 707 02a6 9F       		.byte	-97
 708 02a7 15       		.byte	21
 709 02a8 A1       		.byte	-95
 710 02a9 01       		.byte	1
 711 02aa A2       		.byte	-94
 712 02ab 01       		.byte	1
 713 02ac A4       		.byte	-92
 714 02ad 14       		.byte	20
 715 02ae A6       		.byte	-90
 716 02af 0C       		.byte	12
 717 02b0 A7       		.byte	-89
 718 02b1 02       		.byte	2
 719 02b2 B2       		.byte	-78
 720 02b3 80       		.byte	-128
 721 02b4 B3       		.byte	-77
 722 02b5 20       		.byte	32
 723 02b6 B4       		.byte	-76
 724 02b7 80       		.byte	-128
 725 02b8 B5       		.byte	-75
 726 02b9 08       		.byte	8
 727 02ba B7       		.byte	-73
 728 02bb 80       		.byte	-128
 729 02bc C0       		.byte	-64
 730 02bd 27       		.byte	39
 731 02be C2       		.byte	-62
 732 02bf A5       		.byte	-91
 733 02c0 C4       		.byte	-60
 734 02c1 B6       		.byte	-74
 735 02c2 CA       		.byte	-54
 736 02c3 F2       		.byte	-14
 737 02c4 CC       		.byte	-52
 738 02c5 F7       		.byte	-9
 739 02c6 CE       		.byte	-50
 740 02c7 F3       		.byte	-13
 741 02c8 D0       		.byte	-48
ARM GAS  C:\Users\Walaa\AppData\Local\Temp\ccse4bgn.s 			page 14


 742 02c9 40       		.byte	64
 743 02ca D6       		.byte	-42
 744 02cb 8F       		.byte	-113
 745 02cc D8       		.byte	-40
 746 02cd B1       		.byte	-79
 747 02ce 01       		.byte	1
 748 02cf 03       		.byte	3
 749 02d0 03       		.byte	3
 750 02d1 0C       		.byte	12
 751 02d2 05       		.byte	5
 752 02d3 0A       		.byte	10
 753 02d4 06       		.byte	6
 754 02d5 01       		.byte	1
 755 02d6 07       		.byte	7
 756 02d7 04       		.byte	4
 757 02d8 09       		.byte	9
 758 02d9 03       		.byte	3
 759 02da 0A       		.byte	10
 760 02db 01       		.byte	1
 761 02dc 0B       		.byte	11
 762 02dd 04       		.byte	4
 763 02de 0E       		.byte	14
 764 02df 01       		.byte	1
 765 02e0 0F       		.byte	15
 766 02e1 05       		.byte	5
 767 02e2 1B       		.byte	27
 768 02e3 08       		.byte	8
 769 02e4 1C       		.byte	28
 770 02e5 01       		.byte	1
 771 02e6 28       		.byte	40
 772 02e7 01       		.byte	1
 773 02e8 29       		.byte	41
 774 02e9 03       		.byte	3
 775 02ea 2B       		.byte	43
 776 02eb 04       		.byte	4
 777 02ec 36       		.byte	54
 778 02ed 01       		.byte	1
 779 02ee 37       		.byte	55
 780 02ef 0F       		.byte	15
 781 02f0 3B       		.byte	59
 782 02f1 80       		.byte	-128
 783 02f2 3E       		.byte	62
 784 02f3 40       		.byte	64
 785 02f4 58       		.byte	88
 786 02f5 04       		.byte	4
 787 02f6 59       		.byte	89
 788 02f7 04       		.byte	4
 789 02f8 5F       		.byte	95
 790 02f9 01       		.byte	1
 791 02fa 00       		.byte	0
 792 02fb 28       		.byte	40
 793 02fc 01       		.byte	1
 794 02fd 20       		.byte	32
 795 02fe 03       		.byte	3
 796 02ff 02       		.byte	2
 797 0300 04       		.byte	4
 798 0301 22       		.byte	34
ARM GAS  C:\Users\Walaa\AppData\Local\Temp\ccse4bgn.s 			page 15


 799 0302 05       		.byte	5
 800 0303 08       		.byte	8
 801 0304 06       		.byte	6
 802 0305 08       		.byte	8
 803 0306 0B       		.byte	11
 804 0307 01       		.byte	1
 805 0308 0C       		.byte	12
 806 0309 08       		.byte	8
 807 030a 0E       		.byte	14
 808 030b 48       		.byte	72
 809 030c 13       		.byte	19
 810 030d 10       		.byte	16
 811 030e 17       		.byte	23
 812 030f 55       		.byte	85
 813 0310 19       		.byte	25
 814 0311 80       		.byte	-128
 815 0312 1C       		.byte	28
 816 0313 14       		.byte	20
 817 0314 1D       		.byte	29
 818 0315 81       		.byte	-127
 819 0316 1E       		.byte	30
 820 0317 40       		.byte	64
 821 0318 21       		.byte	33
 822 0319 40       		.byte	64
 823 031a 23       		.byte	35
 824 031b 01       		.byte	1
 825 031c 25       		.byte	37
 826 031d 01       		.byte	1
 827 031e 27       		.byte	39
 828 031f 68       		.byte	104
 829 0320 29       		.byte	41
 830 0321 20       		.byte	32
 831 0322 2C       		.byte	44
 832 0323 08       		.byte	8
 833 0324 2D       		.byte	45
 834 0325 50       		.byte	80
 835 0326 2E       		.byte	46
 836 0327 08       		.byte	8
 837 0328 2F       		.byte	47
 838 0329 82       		.byte	-126
 839 032a 31       		.byte	49
 840 032b 10       		.byte	16
 841 032c 35       		.byte	53
 842 032d 01       		.byte	1
 843 032e 36       		.byte	54
 844 032f 08       		.byte	8
 845 0330 37       		.byte	55
 846 0331 40       		.byte	64
 847 0332 39       		.byte	57
 848 0333 44       		.byte	68
 849 0334 3B       		.byte	59
 850 0335 11       		.byte	17
 851 0336 3C       		.byte	60
 852 0337 08       		.byte	8
 853 0338 3D       		.byte	61
 854 0339 04       		.byte	4
 855 033a 3F       		.byte	63
ARM GAS  C:\Users\Walaa\AppData\Local\Temp\ccse4bgn.s 			page 16


 856 033b 91       		.byte	-111
 857 033c 45       		.byte	69
 858 033d 80       		.byte	-128
 859 033e 47       		.byte	71
 860 033f 14       		.byte	20
 861 0340 4C       		.byte	76
 862 0341 01       		.byte	1
 863 0342 4D       		.byte	77
 864 0343 01       		.byte	1
 865 0344 4E       		.byte	78
 866 0345 08       		.byte	8
 867 0346 57       		.byte	87
 868 0347 40       		.byte	64
 869 0348 8C       		.byte	-116
 870 0349 10       		.byte	16
 871 034a 8E       		.byte	-114
 872 034b 01       		.byte	1
 873 034c C0       		.byte	-64
 874 034d 77       		.byte	119
 875 034e C2       		.byte	-62
 876 034f 71       		.byte	113
 877 0350 C4       		.byte	-60
 878 0351 F2       		.byte	-14
 879 0352 CA       		.byte	-54
 880 0353 F4       		.byte	-12
 881 0354 CC       		.byte	-52
 882 0355 D4       		.byte	-44
 883 0356 CE       		.byte	-50
 884 0357 FF       		.byte	-1
 885 0358 D0       		.byte	-48
 886 0359 70       		.byte	112
 887 035a D2       		.byte	-46
 888 035b 30       		.byte	48
 889 035c EE       		.byte	-18
 890 035d 0A       		.byte	10
 891 035e EE       		.byte	-18
 892 035f 0A       		.byte	10
 893 0360 33       		.byte	51
 894 0361 88       		.byte	-120
 895 0362 36       		.byte	54
 896 0363 40       		.byte	64
 897 0364 37       		.byte	55
 898 0365 04       		.byte	4
 899 0366 CC       		.byte	-52
 900 0367 F0       		.byte	-16
 901 0368 83       		.byte	-125
 902 0369 04       		.byte	4
 903 036a 87       		.byte	-121
 904 036b 08       		.byte	8
 905 036c 9F       		.byte	-97
 906 036d 04       		.byte	4
 907 036e A6       		.byte	-90
 908 036f 40       		.byte	64
 909 0370 A7       		.byte	-89
 910 0371 88       		.byte	-120
 911 0372 E2       		.byte	-30
 912 0373 80       		.byte	-128
ARM GAS  C:\Users\Walaa\AppData\Local\Temp\ccse4bgn.s 			page 17


 913 0374 E6       		.byte	-26
 914 0375 40       		.byte	64
 915 0376 A6       		.byte	-90
 916 0377 40       		.byte	64
 917 0378 A7       		.byte	-89
 918 0379 80       		.byte	-128
 919 037a A6       		.byte	-90
 920 037b 40       		.byte	64
 921 037c A7       		.byte	-89
 922 037d 80       		.byte	-128
 923 037e 01       		.byte	1
 924 037f 02       		.byte	2
 925 0380 02       		.byte	2
 926 0381 20       		.byte	32
 927 0382 79       		.byte	121
 928 0383 40       		.byte	64
 929 0384 C0       		.byte	-64
 930 0385 08       		.byte	8
 931 0386 DC       		.byte	-36
 932 0387 01       		.byte	1
 933 0388 95       		.byte	-107
 934 0389 40       		.byte	64
 935 038a B5       		.byte	-75
 936 038b 02       		.byte	2
 937 038c B6       		.byte	-74
 938 038d 20       		.byte	32
 939 038e EA       		.byte	-22
 940 038f 0A       		.byte	10
 941 0390 8D       		.byte	-115
 942 0391 40       		.byte	64
 943 0392 95       		.byte	-107
 944 0393 40       		.byte	64
 945 0394 E0       		.byte	-32
 946 0395 02       		.byte	2
 947 0396 08       		.byte	8
 948 0397 08       		.byte	8
 949 0398 0F       		.byte	15
 950 0399 40       		.byte	64
 951 039a C2       		.byte	-62
 952 039b 0C       		.byte	12
 953 039c AE       		.byte	-82
 954 039d 40       		.byte	64
 955 039e AF       		.byte	-81
 956 039f 80       		.byte	-128
 957 03a0 EE       		.byte	-18
 958 03a1 50       		.byte	80
 959 03a2 AC       		.byte	-84
 960 03a3 08       		.byte	8
 961 03a4 AF       		.byte	-81
 962 03a5 40       		.byte	64
 963 03a6 00       		.byte	0
 964 03a7 01       		.byte	1
 965 03a8 0C       		.byte	12
 966 03a9 01       		.byte	1
 967 03aa 0E       		.byte	14
 968 03ab 01       		.byte	1
 969 03ac 00       		.byte	0
ARM GAS  C:\Users\Walaa\AppData\Local\Temp\ccse4bgn.s 			page 18


 970 03ad AA       		.byte	-86
 971 03ae 00       		.byte	0
 972 03af 00       		.byte	0
 973 03b0 00       		.byte	0
 974 03b1 03       		.byte	3
 975 03b2 60       		.byte	96
 976 03b3 00       		.byte	0
 977 03b4 21       		.byte	33
 978 03b5 02       		.byte	2
 979 03b6 1A       		.byte	26
 980 03b7 00       		.byte	0
 981 03b8 03       		.byte	3
 982 03b9 03       		.byte	3
 983 03ba 00       		.byte	0
 984 03bb 00       		.byte	0
 985 03bc 00       		.byte	0
 986 03bd 00       		.byte	0
 987 03be 00       		.byte	0
 988 03bf 04       		.byte	4
 989 03c0 42       		.byte	66
 990 03c1 20       		.byte	32
 991 03c2 09       		.byte	9
 992 03c3 08       		.byte	8
 993 03c4 03       		.byte	3
 994 03c5 00       		.byte	0
 995 03c6 00       		.byte	0
 996 03c7 04       		.byte	4
 997 03c8 00       		.byte	0
 998 03c9 00       		.byte	0
 999 03ca 60       		.byte	96
 1000 03cb 00       		.byte	0
 1001 03cc 00       		.byte	0
 1002 03cd 08       		.byte	8
 1003 03ce 00       		.byte	0
 1004 03cf 30       		.byte	48
 1005 03d0 00       		.byte	0
 1006 03d1 10       		.byte	16
 1007 03d2 60       		.byte	96
 1008 03d3 08       		.byte	8
 1009 03d4 60       		.byte	96
 1010 03d5 38       		.byte	56
 1011 03d6 00       		.byte	0
 1012 03d7 00       		.byte	0
 1013 03d8 60       		.byte	96
 1014 03d9 38       		.byte	56
 1015 03da 00       		.byte	0
 1016 03db 00       		.byte	0
 1017 03dc 60       		.byte	96
 1018 03dd 00       		.byte	0
 1019 03de 04       		.byte	4
 1020 03df 01       		.byte	1
 1021 03e0 03       		.byte	3
 1022 03e1 38       		.byte	56
 1023 03e2 60       		.byte	96
 1024 03e3 04       		.byte	4
 1025 03e4 10       		.byte	16
 1026 03e5 03       		.byte	3
ARM GAS  C:\Users\Walaa\AppData\Local\Temp\ccse4bgn.s 			page 19


 1027 03e6 0C       		.byte	12
 1028 03e7 00       		.byte	0
 1029 03e8 00       		.byte	0
 1030 03e9 20       		.byte	32
 1031 03ea 00       		.byte	0
 1032 03eb 00       		.byte	0
 1033 03ec 00       		.byte	0
 1034 03ed 00       		.byte	0
 1035 03ee 40       		.byte	64
 1036 03ef 14       		.byte	20
 1037 03f0 35       		.byte	53
 1038 03f1 02       		.byte	2
 1039 03f2 06       		.byte	6
 1040 03f3 00       		.byte	0
 1041 03f4 01       		.byte	1
 1042 03f5 E0       		.byte	-32
 1043 03f6 0C       		.byte	12
 1044 03f7 00       		.byte	0
 1045 03f8 06       		.byte	6
 1046 03f9 FF       		.byte	-1
 1047 03fa FF       		.byte	-1
 1048 03fb FF       		.byte	-1
 1049 03fc 62       		.byte	98
 1050 03fd A0       		.byte	-96
 1051 03fe F0       		.byte	-16
 1052 03ff 41       		.byte	65
 1053 0400 0C       		.byte	12
 1054 0401 00       		.byte	0
 1055 0402 00       		.byte	0
 1056 0403 00       		.byte	0
 1057 0404 00       		.byte	0
 1058 0405 00       		.byte	0
 1059 0406 00       		.byte	0
 1060 0407 00       		.byte	0
 1061 0408 04       		.byte	4
 1062 0409 04       		.byte	4
 1063 040a 04       		.byte	4
 1064 040b 00       		.byte	0
 1065 040c 00       		.byte	0
 1066 040d 00       		.byte	0
 1067 040e 00       		.byte	0
 1068 040f 01       		.byte	1
 1069 0410 00       		.byte	0
 1070 0411 00       		.byte	0
 1071 0412 00       		.byte	0
 1072 0413 00       		.byte	0
 1073 0414 00       		.byte	0
 1074 0415 00       		.byte	0
 1075 0416 40       		.byte	64
 1076 0417 02       		.byte	2
 1077 0418 00       		.byte	0
 1078 0419 10       		.byte	16
 1079 041a 30       		.byte	48
 1080 041b 10       		.byte	16
 1081 041c 00       		.byte	0
 1082 041d 10       		.byte	16
 1083 041e 10       		.byte	16
ARM GAS  C:\Users\Walaa\AppData\Local\Temp\ccse4bgn.s 			page 20


 1084 041f 12       		.byte	18
 1085 0420 00       		.byte	0
 1086 0421 00       		.byte	0
 1087 0422 00       		.byte	0
 1088 0423 00       		.byte	0
 1089 0424 00       		.byte	0
 1090 0425 00       		.byte	0
 1091 0426 00       		.byte	0
 1092 0427 00       		.byte	0
 1093 0428 00       		.byte	0
 1094 0429 00       		.byte	0
 1095 042a 00       		.byte	0
 1096 042b 00       		.byte	0
 1097 042c 00       		.byte	0
 1098 042d 00       		.byte	0
 1099 042e 00       		.byte	0
 1100 042f 00       		.byte	0
 1101 0430 00       		.byte	0
 1102 0431 00       		.byte	0
 1103 0432 FF       		.byte	-1
 1104 0433 00       		.byte	0
 1105 0434 00       		.byte	0
 1106 0435 00       		.byte	0
 1107 0436 00       		.byte	0
 1108 0437 00       		.byte	0
 1109 0438 00       		.byte	0
 1110 0439 40       		.byte	64
 1111 043a 50       		.byte	80
 1112 043b 00       		.byte	0
 1113 043c 40       		.byte	64
 1114 043d 00       		.byte	0
 1115 043e 00       		.byte	0
 1116 043f 00       		.byte	0
 1117 0440 40       		.byte	64
 1118 0441 00       		.byte	0
 1119 0442 00       		.byte	0
 1120 0443 00       		.byte	0
 1121 0444 00       		.byte	0
 1122 0445 00       		.byte	0
 1123 0446 00       		.byte	0
 1124 0447 00       		.byte	0
 1125 0448 C0       		.byte	-64
 1126 0449 00       		.byte	0
 1127 044a 00       		.byte	0
 1128 044b 00       		.byte	0
 1129 044c 00       		.byte	0
 1130 044d 0B       		.byte	11
 1131 044e 0B       		.byte	11
 1132 044f 00       		.byte	0
 1133 0450 00       		.byte	0
 1134 0451 00       		.byte	0
 1135 0452 00       		.byte	0
 1136 0453 00       		.byte	0
 1137 0454 00       		.byte	0
 1138 0455 7F       		.byte	127
 1139 0456 7F       		.byte	127
 1140 0457 00       		.byte	0
ARM GAS  C:\Users\Walaa\AppData\Local\Temp\ccse4bgn.s 			page 21


 1141 0458 00       		.byte	0
 1142 0459 00       		.byte	0
 1143 045a 00       		.byte	0
 1144 045b 00       		.byte	0
 1145 045c 01       		.byte	1
 1146 045d 00       		.byte	0
 1147 045e 01       		.byte	1
 1148 045f 00       		.byte	0
 1149 0460 00       		.byte	0
 1150 0461 00       		.byte	0
 1151 0462 00       		.byte	0
 1152 0463 00       		.byte	0
 1153 0464 00       		.byte	0
 1154 0465 00       		.byte	0
 1155 0466 00       		.byte	0
 1156 0467 00       		.byte	0
 1157              		.section	.cywolatch,"a",%progbits
 1158              		.align	2
 1159              		.type	cy_meta_wonvl, %object
 1160              		.size	cy_meta_wonvl, 4
 1161              	cy_meta_wonvl:
 1162 0000 BC       		.byte	-68
 1163 0001 90       		.byte	-112
 1164 0002 AC       		.byte	-84
 1165 0003 AF       		.byte	-81
 1166              		.section	.cycustnvl,"a",%progbits
 1167              		.align	2
 1168              		.type	cy_meta_custnvl, %object
 1169              		.size	cy_meta_custnvl, 4
 1170              	cy_meta_custnvl:
 1171 0000 00       		.byte	0
 1172 0001 00       		.byte	0
 1173 0002 40       		.byte	64
 1174 0003 05       		.byte	5
 1175              		.section	.cymeta,"a",%progbits
 1176              		.align	2
 1177              		.type	cy_metadata, %object
 1178              		.size	cy_metadata, 12
 1179              	cy_metadata:
 1180 0000 00       		.byte	0
 1181 0001 01       		.byte	1
 1182 0002 2E       		.byte	46
 1183 0003 12       		.byte	18
 1184 0004 30       		.byte	48
 1185 0005 69       		.byte	105
 1186 0006 00       		.byte	0
 1187 0007 01       		.byte	1
 1188 0008 00       		.byte	0
 1189 0009 00       		.byte	0
 1190 000a 00       		.byte	0
 1191 000b 00       		.byte	0
 1192              		.section	.cyflashprotect,"a",%progbits
 1193              		.align	2
 1194              		.type	cy_meta_flashprotect, %object
 1195              		.size	cy_meta_flashprotect, 256
 1196              	cy_meta_flashprotect:
 1197 0000 00000000 		.space	256
ARM GAS  C:\Users\Walaa\AppData\Local\Temp\ccse4bgn.s 			page 22


 1197      00000000 
 1197      00000000 
 1197      00000000 
 1197      00000000 
 1198              		.text
 1199              	.Letext0:
 1200              		.file 1 "c:\\program files (x86)\\cypress\\psoc creator\\4.2\\psoc creator\\import\\gnu\\arm\\5.4.
 1201              		.file 2 "c:\\program files (x86)\\cypress\\psoc creator\\4.2\\psoc creator\\import\\gnu\\arm\\5.4.
 1202              		.file 3 "Generated_Source\\PSoC5\\cymetadata.c"
 1203              		.section	.debug_info,"",%progbits
 1204              	.Ldebug_info0:
 1205 0000 32010000 		.4byte	0x132
 1206 0004 0400     		.2byte	0x4
 1207 0006 00000000 		.4byte	.Ldebug_abbrev0
 1208 000a 04       		.byte	0x4
 1209 000b 01       		.uleb128 0x1
 1210 000c 24000000 		.4byte	.LASF17
 1211 0010 0C       		.byte	0xc
 1212 0011 B8010000 		.4byte	.LASF18
 1213 0015 69010000 		.4byte	.LASF19
 1214 0019 00000000 		.4byte	.Ldebug_line0
 1215 001d 02       		.uleb128 0x2
 1216 001e 01       		.byte	0x1
 1217 001f 06       		.byte	0x6
 1218 0020 AC010000 		.4byte	.LASF0
 1219 0024 03       		.uleb128 0x3
 1220 0025 00000000 		.4byte	.LASF9
 1221 0029 01       		.byte	0x1
 1222 002a 1D       		.byte	0x1d
 1223 002b 2F000000 		.4byte	0x2f
 1224 002f 02       		.uleb128 0x2
 1225 0030 01       		.byte	0x1
 1226 0031 08       		.byte	0x8
 1227 0032 16000000 		.4byte	.LASF1
 1228 0036 02       		.uleb128 0x2
 1229 0037 02       		.byte	0x2
 1230 0038 05       		.byte	0x5
 1231 0039 5F010000 		.4byte	.LASF2
 1232 003d 02       		.uleb128 0x2
 1233 003e 02       		.byte	0x2
 1234 003f 07       		.byte	0x7
 1235 0040 C4000000 		.4byte	.LASF3
 1236 0044 02       		.uleb128 0x2
 1237 0045 04       		.byte	0x4
 1238 0046 05       		.byte	0x5
 1239 0047 A3010000 		.4byte	.LASF4
 1240 004b 02       		.uleb128 0x2
 1241 004c 04       		.byte	0x4
 1242 004d 07       		.byte	0x7
 1243 004e B2000000 		.4byte	.LASF5
 1244 0052 02       		.uleb128 0x2
 1245 0053 08       		.byte	0x8
 1246 0054 05       		.byte	0x5
 1247 0055 51010000 		.4byte	.LASF6
 1248 0059 02       		.uleb128 0x2
 1249 005a 08       		.byte	0x8
 1250 005b 07       		.byte	0x7
ARM GAS  C:\Users\Walaa\AppData\Local\Temp\ccse4bgn.s 			page 23


 1251 005c 06010000 		.4byte	.LASF7
 1252 0060 04       		.uleb128 0x4
 1253 0061 04       		.byte	0x4
 1254 0062 05       		.byte	0x5
 1255 0063 696E7400 		.ascii	"int\000"
 1256 0067 02       		.uleb128 0x2
 1257 0068 04       		.byte	0x4
 1258 0069 07       		.byte	0x7
 1259 006a F9000000 		.4byte	.LASF8
 1260 006e 03       		.uleb128 0x3
 1261 006f 1D010000 		.4byte	.LASF10
 1262 0073 02       		.byte	0x2
 1263 0074 18       		.byte	0x18
 1264 0075 24000000 		.4byte	0x24
 1265 0079 05       		.uleb128 0x5
 1266 007a 91000000 		.4byte	0x91
 1267 007e 8A000000 		.4byte	0x8a
 1268 0082 06       		.uleb128 0x6
 1269 0083 8A000000 		.4byte	0x8a
 1270 0087 6704     		.2byte	0x467
 1271 0089 00       		.byte	0
 1272 008a 02       		.uleb128 0x2
 1273 008b 04       		.byte	0x4
 1274 008c 07       		.byte	0x7
 1275 008d 48010000 		.4byte	.LASF11
 1276 0091 07       		.uleb128 0x7
 1277 0092 6E000000 		.4byte	0x6e
 1278 0096 08       		.uleb128 0x8
 1279 0097 E7000000 		.4byte	.LASF12
 1280 009b 03       		.byte	0x3
 1281 009c 1F       		.byte	0x1f
 1282 009d A7000000 		.4byte	0xa7
 1283 00a1 05       		.uleb128 0x5
 1284 00a2 03       		.byte	0x3
 1285 00a3 00000000 		.4byte	cy_meta_configecc
 1286 00a7 07       		.uleb128 0x7
 1287 00a8 79000000 		.4byte	0x79
 1288 00ac 05       		.uleb128 0x5
 1289 00ad 91000000 		.4byte	0x91
 1290 00b1 BC000000 		.4byte	0xbc
 1291 00b5 09       		.uleb128 0x9
 1292 00b6 8A000000 		.4byte	0x8a
 1293 00ba 03       		.byte	0x3
 1294 00bb 00       		.byte	0
 1295 00bc 08       		.uleb128 0x8
 1296 00bd D7000000 		.4byte	.LASF13
 1297 00c1 03       		.byte	0x3
 1298 00c2 B9       		.byte	0xb9
 1299 00c3 CD000000 		.4byte	0xcd
 1300 00c7 05       		.uleb128 0x5
 1301 00c8 03       		.byte	0x3
 1302 00c9 00000000 		.4byte	cy_meta_custnvl
 1303 00cd 07       		.uleb128 0x7
 1304 00ce AC000000 		.4byte	0xac
 1305 00d2 08       		.uleb128 0x8
 1306 00d3 3A010000 		.4byte	.LASF14
 1307 00d7 03       		.byte	0x3
ARM GAS  C:\Users\Walaa\AppData\Local\Temp\ccse4bgn.s 			page 24


 1308 00d8 C7       		.byte	0xc7
 1309 00d9 E3000000 		.4byte	0xe3
 1310 00dd 05       		.uleb128 0x5
 1311 00de 03       		.byte	0x3
 1312 00df 00000000 		.4byte	cy_meta_wonvl
 1313 00e3 07       		.uleb128 0x7
 1314 00e4 AC000000 		.4byte	0xac
 1315 00e8 05       		.uleb128 0x5
 1316 00e9 91000000 		.4byte	0x91
 1317 00ed F8000000 		.4byte	0xf8
 1318 00f1 09       		.uleb128 0x9
 1319 00f2 8A000000 		.4byte	0x8a
 1320 00f6 FF       		.byte	0xff
 1321 00f7 00       		.byte	0
 1322 00f8 08       		.uleb128 0x8
 1323 00f9 25010000 		.4byte	.LASF15
 1324 00fd 03       		.byte	0x3
 1325 00fe D5       		.byte	0xd5
 1326 00ff 09010000 		.4byte	0x109
 1327 0103 05       		.uleb128 0x5
 1328 0104 03       		.byte	0x3
 1329 0105 00000000 		.4byte	cy_meta_flashprotect
 1330 0109 07       		.uleb128 0x7
 1331 010a E8000000 		.4byte	0xe8
 1332 010e 05       		.uleb128 0x5
 1333 010f 91000000 		.4byte	0x91
 1334 0113 1E010000 		.4byte	0x11e
 1335 0117 09       		.uleb128 0x9
 1336 0118 8A000000 		.4byte	0x8a
 1337 011c 0B       		.byte	0xb
 1338 011d 00       		.byte	0
 1339 011e 0A       		.uleb128 0xa
 1340 011f 0A000000 		.4byte	.LASF16
 1341 0123 03       		.byte	0x3
 1342 0124 0201     		.2byte	0x102
 1343 0126 30010000 		.4byte	0x130
 1344 012a 05       		.uleb128 0x5
 1345 012b 03       		.byte	0x3
 1346 012c 00000000 		.4byte	cy_metadata
 1347 0130 07       		.uleb128 0x7
 1348 0131 0E010000 		.4byte	0x10e
 1349 0135 00       		.byte	0
 1350              		.section	.debug_abbrev,"",%progbits
 1351              	.Ldebug_abbrev0:
 1352 0000 01       		.uleb128 0x1
 1353 0001 11       		.uleb128 0x11
 1354 0002 01       		.byte	0x1
 1355 0003 25       		.uleb128 0x25
 1356 0004 0E       		.uleb128 0xe
 1357 0005 13       		.uleb128 0x13
 1358 0006 0B       		.uleb128 0xb
 1359 0007 03       		.uleb128 0x3
 1360 0008 0E       		.uleb128 0xe
 1361 0009 1B       		.uleb128 0x1b
 1362 000a 0E       		.uleb128 0xe
 1363 000b 10       		.uleb128 0x10
 1364 000c 17       		.uleb128 0x17
ARM GAS  C:\Users\Walaa\AppData\Local\Temp\ccse4bgn.s 			page 25


 1365 000d 00       		.byte	0
 1366 000e 00       		.byte	0
 1367 000f 02       		.uleb128 0x2
 1368 0010 24       		.uleb128 0x24
 1369 0011 00       		.byte	0
 1370 0012 0B       		.uleb128 0xb
 1371 0013 0B       		.uleb128 0xb
 1372 0014 3E       		.uleb128 0x3e
 1373 0015 0B       		.uleb128 0xb
 1374 0016 03       		.uleb128 0x3
 1375 0017 0E       		.uleb128 0xe
 1376 0018 00       		.byte	0
 1377 0019 00       		.byte	0
 1378 001a 03       		.uleb128 0x3
 1379 001b 16       		.uleb128 0x16
 1380 001c 00       		.byte	0
 1381 001d 03       		.uleb128 0x3
 1382 001e 0E       		.uleb128 0xe
 1383 001f 3A       		.uleb128 0x3a
 1384 0020 0B       		.uleb128 0xb
 1385 0021 3B       		.uleb128 0x3b
 1386 0022 0B       		.uleb128 0xb
 1387 0023 49       		.uleb128 0x49
 1388 0024 13       		.uleb128 0x13
 1389 0025 00       		.byte	0
 1390 0026 00       		.byte	0
 1391 0027 04       		.uleb128 0x4
 1392 0028 24       		.uleb128 0x24
 1393 0029 00       		.byte	0
 1394 002a 0B       		.uleb128 0xb
 1395 002b 0B       		.uleb128 0xb
 1396 002c 3E       		.uleb128 0x3e
 1397 002d 0B       		.uleb128 0xb
 1398 002e 03       		.uleb128 0x3
 1399 002f 08       		.uleb128 0x8
 1400 0030 00       		.byte	0
 1401 0031 00       		.byte	0
 1402 0032 05       		.uleb128 0x5
 1403 0033 01       		.uleb128 0x1
 1404 0034 01       		.byte	0x1
 1405 0035 49       		.uleb128 0x49
 1406 0036 13       		.uleb128 0x13
 1407 0037 01       		.uleb128 0x1
 1408 0038 13       		.uleb128 0x13
 1409 0039 00       		.byte	0
 1410 003a 00       		.byte	0
 1411 003b 06       		.uleb128 0x6
 1412 003c 21       		.uleb128 0x21
 1413 003d 00       		.byte	0
 1414 003e 49       		.uleb128 0x49
 1415 003f 13       		.uleb128 0x13
 1416 0040 2F       		.uleb128 0x2f
 1417 0041 05       		.uleb128 0x5
 1418 0042 00       		.byte	0
 1419 0043 00       		.byte	0
 1420 0044 07       		.uleb128 0x7
 1421 0045 26       		.uleb128 0x26
ARM GAS  C:\Users\Walaa\AppData\Local\Temp\ccse4bgn.s 			page 26


 1422 0046 00       		.byte	0
 1423 0047 49       		.uleb128 0x49
 1424 0048 13       		.uleb128 0x13
 1425 0049 00       		.byte	0
 1426 004a 00       		.byte	0
 1427 004b 08       		.uleb128 0x8
 1428 004c 34       		.uleb128 0x34
 1429 004d 00       		.byte	0
 1430 004e 03       		.uleb128 0x3
 1431 004f 0E       		.uleb128 0xe
 1432 0050 3A       		.uleb128 0x3a
 1433 0051 0B       		.uleb128 0xb
 1434 0052 3B       		.uleb128 0x3b
 1435 0053 0B       		.uleb128 0xb
 1436 0054 49       		.uleb128 0x49
 1437 0055 13       		.uleb128 0x13
 1438 0056 3F       		.uleb128 0x3f
 1439 0057 19       		.uleb128 0x19
 1440 0058 02       		.uleb128 0x2
 1441 0059 18       		.uleb128 0x18
 1442 005a 00       		.byte	0
 1443 005b 00       		.byte	0
 1444 005c 09       		.uleb128 0x9
 1445 005d 21       		.uleb128 0x21
 1446 005e 00       		.byte	0
 1447 005f 49       		.uleb128 0x49
 1448 0060 13       		.uleb128 0x13
 1449 0061 2F       		.uleb128 0x2f
 1450 0062 0B       		.uleb128 0xb
 1451 0063 00       		.byte	0
 1452 0064 00       		.byte	0
 1453 0065 0A       		.uleb128 0xa
 1454 0066 34       		.uleb128 0x34
 1455 0067 00       		.byte	0
 1456 0068 03       		.uleb128 0x3
 1457 0069 0E       		.uleb128 0xe
 1458 006a 3A       		.uleb128 0x3a
 1459 006b 0B       		.uleb128 0xb
 1460 006c 3B       		.uleb128 0x3b
 1461 006d 05       		.uleb128 0x5
 1462 006e 49       		.uleb128 0x49
 1463 006f 13       		.uleb128 0x13
 1464 0070 3F       		.uleb128 0x3f
 1465 0071 19       		.uleb128 0x19
 1466 0072 02       		.uleb128 0x2
 1467 0073 18       		.uleb128 0x18
 1468 0074 00       		.byte	0
 1469 0075 00       		.byte	0
 1470 0076 00       		.byte	0
 1471              		.section	.debug_aranges,"",%progbits
 1472 0000 14000000 		.4byte	0x14
 1473 0004 0200     		.2byte	0x2
 1474 0006 00000000 		.4byte	.Ldebug_info0
 1475 000a 04       		.byte	0x4
 1476 000b 00       		.byte	0
 1477 000c 0000     		.2byte	0
 1478 000e 0000     		.2byte	0
ARM GAS  C:\Users\Walaa\AppData\Local\Temp\ccse4bgn.s 			page 27


 1479 0010 00000000 		.4byte	0
 1480 0014 00000000 		.4byte	0
 1481              		.section	.debug_line,"",%progbits
 1482              	.Ldebug_line0:
 1483 0000 3D010000 		.section	.debug_str,"MS",%progbits,1
 1483      02003701 
 1483      00000201 
 1483      FB0E0D00 
 1483      01010101 
 1484              	.LASF9:
 1485 0000 5F5F7569 		.ascii	"__uint8_t\000"
 1485      6E74385F 
 1485      7400
 1486              	.LASF16:
 1487 000a 63795F6D 		.ascii	"cy_metadata\000"
 1487      65746164 
 1487      61746100 
 1488              	.LASF1:
 1489 0016 756E7369 		.ascii	"unsigned char\000"
 1489      676E6564 
 1489      20636861 
 1489      7200
 1490              	.LASF17:
 1491 0024 474E5520 		.ascii	"GNU C11 5.4.1 20160609 (release) [ARM/embedded-5-br"
 1491      43313120 
 1491      352E342E 
 1491      31203230 
 1491      31363036 
 1492 0057 616E6368 		.ascii	"anch revision 237715] -mcpu=cortex-m3 -mthumb -g -O"
 1492      20726576 
 1492      6973696F 
 1492      6E203233 
 1492      37373135 
 1493 008a 67202D66 		.ascii	"g -ffunction-sections -ffat-lto-objects\000"
 1493      66756E63 
 1493      74696F6E 
 1493      2D736563 
 1493      74696F6E 
 1494              	.LASF5:
 1495 00b2 6C6F6E67 		.ascii	"long unsigned int\000"
 1495      20756E73 
 1495      69676E65 
 1495      6420696E 
 1495      7400
 1496              	.LASF3:
 1497 00c4 73686F72 		.ascii	"short unsigned int\000"
 1497      7420756E 
 1497      7369676E 
 1497      65642069 
 1497      6E7400
 1498              	.LASF13:
 1499 00d7 63795F6D 		.ascii	"cy_meta_custnvl\000"
 1499      6574615F 
 1499      63757374 
 1499      6E766C00 
 1500              	.LASF12:
 1501 00e7 63795F6D 		.ascii	"cy_meta_configecc\000"
ARM GAS  C:\Users\Walaa\AppData\Local\Temp\ccse4bgn.s 			page 28


 1501      6574615F 
 1501      636F6E66 
 1501      69676563 
 1501      6300
 1502              	.LASF8:
 1503 00f9 756E7369 		.ascii	"unsigned int\000"
 1503      676E6564 
 1503      20696E74 
 1503      00
 1504              	.LASF7:
 1505 0106 6C6F6E67 		.ascii	"long long unsigned int\000"
 1505      206C6F6E 
 1505      6720756E 
 1505      7369676E 
 1505      65642069 
 1506              	.LASF10:
 1507 011d 75696E74 		.ascii	"uint8_t\000"
 1507      385F7400 
 1508              	.LASF15:
 1509 0125 63795F6D 		.ascii	"cy_meta_flashprotect\000"
 1509      6574615F 
 1509      666C6173 
 1509      6870726F 
 1509      74656374 
 1510              	.LASF14:
 1511 013a 63795F6D 		.ascii	"cy_meta_wonvl\000"
 1511      6574615F 
 1511      776F6E76 
 1511      6C00
 1512              	.LASF11:
 1513 0148 73697A65 		.ascii	"sizetype\000"
 1513      74797065 
 1513      00
 1514              	.LASF6:
 1515 0151 6C6F6E67 		.ascii	"long long int\000"
 1515      206C6F6E 
 1515      6720696E 
 1515      7400
 1516              	.LASF2:
 1517 015f 73686F72 		.ascii	"short int\000"
 1517      7420696E 
 1517      7400
 1518              	.LASF19:
 1519 0169 433A5C55 		.ascii	"C:\\Users\\Walaa\\Downloads\\usb_echo\\usb_echo\\us"
 1519      73657273 
 1519      5C57616C 
 1519      61615C44 
 1519      6F776E6C 
 1520 0196 625F6563 		.ascii	"b_echo.cydsn\000"
 1520      686F2E63 
 1520      7964736E 
 1520      00
 1521              	.LASF4:
 1522 01a3 6C6F6E67 		.ascii	"long int\000"
 1522      20696E74 
 1522      00
 1523              	.LASF0:
ARM GAS  C:\Users\Walaa\AppData\Local\Temp\ccse4bgn.s 			page 29


 1524 01ac 7369676E 		.ascii	"signed char\000"
 1524      65642063 
 1524      68617200 
 1525              	.LASF18:
 1526 01b8 47656E65 		.ascii	"Generated_Source\\PSoC5\\cymetadata.c\000"
 1526      72617465 
 1526      645F536F 
 1526      75726365 
 1526      5C50536F 
 1527              		.ident	"GCC: (GNU Tools for ARM Embedded Processors) 5.4.1 20160609 (release) [ARM/embedded-5-bran
