--------------- Clean Started: 05/09/2016 00:37:47 Project: usb_echo, Configuration: ARM GCC 4.9-2015-q1-update Debug ---------------
Deleting file ".\CortexM3\ARM_GCC_493\Debug\main.o"
Deleting file ".\CortexM3\ARM_GCC_493\Debug\cyfitter_cfg.o"
Deleting file ".\CortexM3\ARM_GCC_493\Debug\cymetadata.o"
Deleting file ".\CortexM3\ARM_GCC_493\Debug\USB.o"
Deleting file ".\CortexM3\ARM_GCC_493\Debug\USB_audio.o"
Deleting file ".\CortexM3\ARM_GCC_493\Debug\USB_boot.o"
Deleting file ".\CortexM3\ARM_GCC_493\Debug\USB_cdc.o"
Deleting file ".\CortexM3\ARM_GCC_493\Debug\USB_cls.o"
Deleting file ".\CortexM3\ARM_GCC_493\Debug\USB_descr.o"
Deleting file ".\CortexM3\ARM_GCC_493\Debug\USB_drv.o"
Deleting file ".\CortexM3\ARM_GCC_493\Debug\USB_episr.o"
Deleting file ".\CortexM3\ARM_GCC_493\Debug\USB_hid.o"
Deleting file ".\CortexM3\ARM_GCC_493\Debug\USB_pm.o"
Deleting file ".\CortexM3\ARM_GCC_493\Debug\USB_std.o"
Deleting file ".\CortexM3\ARM_GCC_493\Debug\USB_vnd.o"
Deleting file ".\CortexM3\ARM_GCC_493\Debug\USB_midi.o"
Deleting file ".\CortexM3\ARM_GCC_493\Debug\USB_msc.o"
Deleting file ".\CortexM3\ARM_GCC_493\Debug\USB_Dm.o"
Deleting file ".\CortexM3\ARM_GCC_493\Debug\USB_Dp.o"
Deleting file ".\CortexM3\ARM_GCC_493\Debug\Cm3Start.o"
Deleting file ".\CortexM3\ARM_GCC_493\Debug\CyBootAsmGnu.o"
Deleting file ".\CortexM3\ARM_GCC_493\Debug\CyDmac.o"
Deleting file ".\CortexM3\ARM_GCC_493\Debug\CyFlash.o"
Deleting file ".\CortexM3\ARM_GCC_493\Debug\CyLib.o"
Deleting file ".\CortexM3\ARM_GCC_493\Debug\cyPm.o"
Deleting file ".\CortexM3\ARM_GCC_493\Debug\CySpc.o"
Deleting file ".\CortexM3\ARM_GCC_493\Debug\cyutils.o"
Deleting file ".\CortexM3\ARM_GCC_493\Debug\usb_echo.hex"
Deleting file ".\CortexM3\ARM_GCC_493\Debug\usb_echo.elf"
Deleting file ".\CortexM3\ARM_GCC_493\Debug\usb_echo.map"
Deleting file ".\usb_echo.cycdx"
Deleting file ".\usb_echo.svd"
Deleting file ".\usb_echo.rpt"
Deleting file ".\usb_echo_timing.html"
Deleting file ".\CortexM3\ARM_GCC_493\Debug\.deps\C_FILE.P"
Deleting file ".\CortexM3\ARM_GCC_493\Debug\.deps\ARM_C_FILE.P"
Deleting file ".\CortexM3\ARM_GCC_493\Debug\.deps\GNU_ARM_ASM_FILE.P"
--------------- Clean Succeeded: 05/09/2016 00:37:47 ---------------
