ARM GAS  C:\Users\Eric\AppData\Local\Temp\ccYSWVLY.s 			page 1


   1              		.syntax unified
   2              		.cpu cortex-m3
   3              		.fpu softvfp
   4              		.eabi_attribute 20, 1
   5              		.eabi_attribute 21, 1
   6              		.eabi_attribute 23, 3
   7              		.eabi_attribute 24, 1
   8              		.eabi_attribute 25, 1
   9              		.eabi_attribute 26, 1
  10              		.eabi_attribute 30, 1
  11              		.eabi_attribute 34, 1
  12              		.eabi_attribute 18, 4
  13              		.thumb
  14              		.file	"USB_descr.c"
  15              		.text
  16              	.Ltext0:
  17              		.cfi_sections	.debug_frame
  18              		.global	USB_TABLE
  19              		.global	USB_DEVICE0_TABLE
  20              		.global	USB_DEVICE0_CONFIGURATION0_TABLE
  21              		.global	USB_DEVICE0_CONFIGURATION0_INTERFACE_CLASS
  22              		.global	USB_DEVICE0_CONFIGURATION0_EP_SETTINGS_TABLE
  23              		.global	USB_STRING_DESCRIPTORS
  24              		.global	USB_DEVICE0_CONFIGURATION0_DESCR
  25              		.global	USB_DEVICE0_DESCR
  26              		.section	.rodata
  27              		.align	2
  28              		.type	USB_TABLE, %object
  29              		.size	USB_TABLE, 8
  30              	USB_TABLE:
  31 0000 01       		.byte	1
  32 0001 000000   		.space	3
  33 0004 00000000 		.word	USB_DEVICE0_TABLE
  34              		.type	USB_DEVICE0_TABLE, %object
  35              		.size	USB_DEVICE0_TABLE, 24
  36              	USB_DEVICE0_TABLE:
  37 0008 01       		.byte	1
  38 0009 000000   		.space	3
  39 000c 00000000 		.word	USB_DEVICE0_DESCR
  40 0010 00       		.byte	0
  41 0011 000000   		.space	3
  42 0014 00000000 		.word	0
  43 0018 01       		.byte	1
  44 0019 000000   		.space	3
  45 001c 00000000 		.word	USB_DEVICE0_CONFIGURATION0_TABLE
  46              		.type	USB_DEVICE0_CONFIGURATION0_TABLE, %object
  47              		.size	USB_DEVICE0_CONFIGURATION0_TABLE, 32
  48              	USB_DEVICE0_CONFIGURATION0_TABLE:
  49 0020 01       		.byte	1
  50 0021 000000   		.space	3
  51 0024 00000000 		.word	USB_DEVICE0_CONFIGURATION0_DESCR
  52 0028 02       		.byte	2
  53 0029 000000   		.space	3
  54 002c 00000000 		.word	USB_DEVICE0_CONFIGURATION0_EP_SETTINGS_TABLE
  55 0030 00       		.byte	0
  56 0031 000000   		.space	3
  57 0034 00000000 		.word	0
ARM GAS  C:\Users\Eric\AppData\Local\Temp\ccYSWVLY.s 			page 2


  58 0038 00       		.byte	0
  59 0039 000000   		.space	3
  60 003c 00000000 		.word	USB_DEVICE0_CONFIGURATION0_INTERFACE_CLASS
  61              		.type	USB_DEVICE0_CONFIGURATION0_INTERFACE_CLASS, %object
  62              		.size	USB_DEVICE0_CONFIGURATION0_INTERFACE_CLASS, 1
  63              	USB_DEVICE0_CONFIGURATION0_INTERFACE_CLASS:
  64 0040 FF       		.byte	-1
  65 0041 000000   		.space	3
  66              		.type	USB_DEVICE0_CONFIGURATION0_EP_SETTINGS_TABLE, %object
  67              		.size	USB_DEVICE0_CONFIGURATION0_EP_SETTINGS_TABLE, 16
  68              	USB_DEVICE0_CONFIGURATION0_EP_SETTINGS_TABLE:
  69 0044 00       		.byte	0
  70 0045 00       		.byte	0
  71 0046 81       		.byte	-127
  72 0047 02       		.byte	2
  73 0048 4000     		.short	64
  74 004a FF       		.byte	-1
  75 004b 00       		.space	1
  76 004c 00       		.byte	0
  77 004d 00       		.byte	0
  78 004e 02       		.byte	2
  79 004f 02       		.byte	2
  80 0050 4000     		.short	64
  81 0052 FF       		.byte	-1
  82 0053 00       		.space	1
  83              		.type	USB_STRING_DESCRIPTORS, %object
  84              		.size	USB_STRING_DESCRIPTORS, 49
  85              	USB_STRING_DESCRIPTORS:
  86 0054 04       		.byte	4
  87 0055 03       		.byte	3
  88 0056 09       		.byte	9
  89 0057 04       		.byte	4
  90 0058 10       		.byte	16
  91 0059 03       		.byte	3
  92 005a 43       		.byte	67
  93 005b 00       		.byte	0
  94 005c 79       		.byte	121
  95 005d 00       		.byte	0
  96 005e 70       		.byte	112
  97 005f 00       		.byte	0
  98 0060 72       		.byte	114
  99 0061 00       		.byte	0
 100 0062 65       		.byte	101
 101 0063 00       		.byte	0
 102 0064 73       		.byte	115
 103 0065 00       		.byte	0
 104 0066 73       		.byte	115
 105 0067 00       		.byte	0
 106 0068 12       		.byte	18
 107 0069 03       		.byte	3
 108 006a 75       		.byte	117
 109 006b 00       		.byte	0
 110 006c 73       		.byte	115
 111 006d 00       		.byte	0
 112 006e 62       		.byte	98
 113 006f 00       		.byte	0
 114 0070 5F       		.byte	95
ARM GAS  C:\Users\Eric\AppData\Local\Temp\ccYSWVLY.s 			page 3


 115 0071 00       		.byte	0
 116 0072 65       		.byte	101
 117 0073 00       		.byte	0
 118 0074 63       		.byte	99
 119 0075 00       		.byte	0
 120 0076 68       		.byte	104
 121 0077 00       		.byte	0
 122 0078 6F       		.byte	111
 123 0079 00       		.byte	0
 124 007a 0A       		.byte	10
 125 007b 03       		.byte	3
 126 007c 6D       		.byte	109
 127 007d 00       		.byte	0
 128 007e 61       		.byte	97
 129 007f 00       		.byte	0
 130 0080 69       		.byte	105
 131 0081 00       		.byte	0
 132 0082 6E       		.byte	110
 133 0083 00       		.byte	0
 134 0084 00       		.byte	0
 135 0085 000000   		.space	3
 136              		.type	USB_DEVICE0_CONFIGURATION0_DESCR, %object
 137              		.size	USB_DEVICE0_CONFIGURATION0_DESCR, 32
 138              	USB_DEVICE0_CONFIGURATION0_DESCR:
 139 0088 09       		.byte	9
 140 0089 02       		.byte	2
 141 008a 20       		.byte	32
 142 008b 00       		.byte	0
 143 008c 01       		.byte	1
 144 008d 01       		.byte	1
 145 008e 03       		.byte	3
 146 008f 80       		.byte	-128
 147 0090 19       		.byte	25
 148 0091 09       		.byte	9
 149 0092 04       		.byte	4
 150 0093 00       		.byte	0
 151 0094 00       		.byte	0
 152 0095 02       		.byte	2
 153 0096 FF       		.byte	-1
 154 0097 00       		.byte	0
 155 0098 00       		.byte	0
 156 0099 03       		.byte	3
 157 009a 07       		.byte	7
 158 009b 05       		.byte	5
 159 009c 81       		.byte	-127
 160 009d 02       		.byte	2
 161 009e 40       		.byte	64
 162 009f 00       		.byte	0
 163 00a0 00       		.byte	0
 164 00a1 07       		.byte	7
 165 00a2 05       		.byte	5
 166 00a3 02       		.byte	2
 167 00a4 02       		.byte	2
 168 00a5 40       		.byte	64
 169 00a6 00       		.byte	0
 170 00a7 00       		.byte	0
 171              		.type	USB_DEVICE0_DESCR, %object
ARM GAS  C:\Users\Eric\AppData\Local\Temp\ccYSWVLY.s 			page 4


 172              		.size	USB_DEVICE0_DESCR, 18
 173              	USB_DEVICE0_DESCR:
 174 00a8 12       		.byte	18
 175 00a9 01       		.byte	1
 176 00aa 00       		.byte	0
 177 00ab 02       		.byte	2
 178 00ac FF       		.byte	-1
 179 00ad 00       		.byte	0
 180 00ae 00       		.byte	0
 181 00af 08       		.byte	8
 182 00b0 B4       		.byte	-76
 183 00b1 04       		.byte	4
 184 00b2 80       		.byte	-128
 185 00b3 00       		.byte	0
 186 00b4 00       		.byte	0
 187 00b5 00       		.byte	0
 188 00b6 01       		.byte	1
 189 00b7 02       		.byte	2
 190 00b8 00       		.byte	0
 191 00b9 01       		.byte	1
 192 00ba 0000     		.text
 193              	.Letext0:
 194              		.file 1 ".\\Generated_Source\\PSoC5\\cytypes.h"
 195              		.file 2 ".\\Generated_Source\\PSoC5\\USB.h"
 196              		.file 3 ".\\Generated_Source\\PSoC5\\USB_descr.c"
 197              		.section	.debug_info,"",%progbits
 198              	.Ldebug_info0:
 199 0000 51020000 		.4byte	0x251
 200 0004 0400     		.2byte	0x4
 201 0006 00000000 		.4byte	.Ldebug_abbrev0
 202 000a 04       		.byte	0x4
 203 000b 01       		.uleb128 0x1
 204 000c 39010000 		.4byte	.LASF32
 205 0010 01       		.byte	0x1
 206 0011 A3020000 		.4byte	.LASF33
 207 0015 C7010000 		.4byte	.LASF34
 208 0019 00000000 		.4byte	.Ldebug_line0
 209 001d 02       		.uleb128 0x2
 210 001e 01       		.byte	0x1
 211 001f 06       		.byte	0x6
 212 0020 C8020000 		.4byte	.LASF0
 213 0024 02       		.uleb128 0x2
 214 0025 01       		.byte	0x1
 215 0026 08       		.byte	0x8
 216 0027 78000000 		.4byte	.LASF1
 217 002b 02       		.uleb128 0x2
 218 002c 02       		.byte	0x2
 219 002d 05       		.byte	0x5
 220 002e 55020000 		.4byte	.LASF2
 221 0032 02       		.uleb128 0x2
 222 0033 02       		.byte	0x2
 223 0034 07       		.byte	0x7
 224 0035 00000000 		.4byte	.LASF3
 225 0039 02       		.uleb128 0x2
 226 003a 04       		.byte	0x4
 227 003b 05       		.byte	0x5
 228 003c 9A020000 		.4byte	.LASF4
ARM GAS  C:\Users\Eric\AppData\Local\Temp\ccYSWVLY.s 			page 5


 229 0040 02       		.uleb128 0x2
 230 0041 04       		.byte	0x4
 231 0042 07       		.byte	0x7
 232 0043 91000000 		.4byte	.LASF5
 233 0047 02       		.uleb128 0x2
 234 0048 08       		.byte	0x8
 235 0049 05       		.byte	0x5
 236 004a 38020000 		.4byte	.LASF6
 237 004e 02       		.uleb128 0x2
 238 004f 08       		.byte	0x8
 239 0050 07       		.byte	0x7
 240 0051 11020000 		.4byte	.LASF7
 241 0055 03       		.uleb128 0x3
 242 0056 04       		.byte	0x4
 243 0057 05       		.byte	0x5
 244 0058 696E7400 		.ascii	"int\000"
 245 005c 02       		.uleb128 0x2
 246 005d 04       		.byte	0x4
 247 005e 07       		.byte	0x7
 248 005f 04020000 		.4byte	.LASF8
 249 0063 04       		.uleb128 0x4
 250 0064 5F020000 		.4byte	.LASF9
 251 0068 01       		.byte	0x1
 252 0069 3801     		.2byte	0x138
 253 006b 24000000 		.4byte	0x24
 254 006f 04       		.uleb128 0x4
 255 0070 32010000 		.4byte	.LASF10
 256 0074 01       		.byte	0x1
 257 0075 3901     		.2byte	0x139
 258 0077 32000000 		.4byte	0x32
 259 007b 02       		.uleb128 0x2
 260 007c 04       		.byte	0x4
 261 007d 04       		.byte	0x4
 262 007e 46000000 		.4byte	.LASF11
 263 0082 02       		.uleb128 0x2
 264 0083 08       		.byte	0x8
 265 0084 04       		.byte	0x4
 266 0085 F3000000 		.4byte	.LASF12
 267 0089 02       		.uleb128 0x2
 268 008a 01       		.byte	0x1
 269 008b 08       		.byte	0x8
 270 008c 46020000 		.4byte	.LASF13
 271 0090 02       		.uleb128 0x2
 272 0091 04       		.byte	0x4
 273 0092 07       		.byte	0x7
 274 0093 2F020000 		.4byte	.LASF14
 275 0097 05       		.uleb128 0x5
 276 0098 08       		.byte	0x8
 277 0099 02       		.byte	0x2
 278 009a 97       		.byte	0x97
 279 009b E8000000 		.4byte	0xe8
 280 009f 06       		.uleb128 0x6
 281 00a0 65020000 		.4byte	.LASF15
 282 00a4 02       		.byte	0x2
 283 00a5 99       		.byte	0x99
 284 00a6 63000000 		.4byte	0x63
 285 00aa 00       		.byte	0
ARM GAS  C:\Users\Eric\AppData\Local\Temp\ccYSWVLY.s 			page 6


 286 00ab 06       		.uleb128 0x6
 287 00ac 4C000000 		.4byte	.LASF16
 288 00b0 02       		.byte	0x2
 289 00b1 9A       		.byte	0x9a
 290 00b2 63000000 		.4byte	0x63
 291 00b6 01       		.byte	0x1
 292 00b7 06       		.uleb128 0x6
 293 00b8 A3000000 		.4byte	.LASF17
 294 00bc 02       		.byte	0x2
 295 00bd 9B       		.byte	0x9b
 296 00be 63000000 		.4byte	0x63
 297 00c2 02       		.byte	0x2
 298 00c3 06       		.uleb128 0x6
 299 00c4 86000000 		.4byte	.LASF18
 300 00c8 02       		.byte	0x2
 301 00c9 9C       		.byte	0x9c
 302 00ca 63000000 		.4byte	0x63
 303 00ce 03       		.byte	0x3
 304 00cf 06       		.uleb128 0x6
 305 00d0 FA000000 		.4byte	.LASF19
 306 00d4 02       		.byte	0x2
 307 00d5 9D       		.byte	0x9d
 308 00d6 6F000000 		.4byte	0x6f
 309 00da 04       		.byte	0x4
 310 00db 06       		.uleb128 0x6
 311 00dc D4020000 		.4byte	.LASF20
 312 00e0 02       		.byte	0x2
 313 00e1 9E       		.byte	0x9e
 314 00e2 63000000 		.4byte	0x63
 315 00e6 06       		.byte	0x6
 316 00e7 00       		.byte	0
 317 00e8 07       		.uleb128 0x7
 318 00e9 A8000000 		.4byte	.LASF21
 319 00ed 02       		.byte	0x2
 320 00ee 9F       		.byte	0x9f
 321 00ef 97000000 		.4byte	0x97
 322 00f3 05       		.uleb128 0x5
 323 00f4 08       		.byte	0x8
 324 00f5 02       		.byte	0x2
 325 00f6 AE       		.byte	0xae
 326 00f7 12010000 		.4byte	0x112
 327 00fb 08       		.uleb128 0x8
 328 00fc 6300     		.ascii	"c\000"
 329 00fe 02       		.byte	0x2
 330 00ff B0       		.byte	0xb0
 331 0100 63000000 		.4byte	0x63
 332 0104 00       		.byte	0
 333 0105 06       		.uleb128 0x6
 334 0106 28020000 		.4byte	.LASF22
 335 010a 02       		.byte	0x2
 336 010b B1       		.byte	0xb1
 337 010c 12010000 		.4byte	0x112
 338 0110 04       		.byte	0x4
 339 0111 00       		.byte	0
 340 0112 09       		.uleb128 0x9
 341 0113 04       		.byte	0x4
 342 0114 18010000 		.4byte	0x118
ARM GAS  C:\Users\Eric\AppData\Local\Temp\ccYSWVLY.s 			page 7


 343 0118 0A       		.uleb128 0xa
 344 0119 07       		.uleb128 0x7
 345 011a 6E000000 		.4byte	.LASF23
 346 011e 02       		.byte	0x2
 347 011f B2       		.byte	0xb2
 348 0120 F3000000 		.4byte	0xf3
 349 0124 0B       		.uleb128 0xb
 350 0125 63000000 		.4byte	0x63
 351 0129 34010000 		.4byte	0x134
 352 012d 0C       		.uleb128 0xc
 353 012e 90000000 		.4byte	0x90
 354 0132 11       		.byte	0x11
 355 0133 00       		.byte	0
 356 0134 0D       		.uleb128 0xd
 357 0135 C0000000 		.4byte	.LASF24
 358 0139 03       		.byte	0x3
 359 013a 24       		.byte	0x24
 360 013b 45010000 		.4byte	0x145
 361 013f 05       		.uleb128 0x5
 362 0140 03       		.byte	0x3
 363 0141 00000000 		.4byte	USB_DEVICE0_DESCR
 364 0145 0E       		.uleb128 0xe
 365 0146 24010000 		.4byte	0x124
 366 014a 0B       		.uleb128 0xb
 367 014b 63000000 		.4byte	0x63
 368 014f 5A010000 		.4byte	0x15a
 369 0153 0C       		.uleb128 0xc
 370 0154 90000000 		.4byte	0x90
 371 0158 1F       		.byte	0x1f
 372 0159 00       		.byte	0
 373 015a 0D       		.uleb128 0xd
 374 015b D2000000 		.4byte	.LASF25
 375 015f 03       		.byte	0x3
 376 0160 37       		.byte	0x37
 377 0161 6B010000 		.4byte	0x16b
 378 0165 05       		.uleb128 0x5
 379 0166 03       		.byte	0x3
 380 0167 00000000 		.4byte	USB_DEVICE0_CONFIGURATION0_DESCR
 381 016b 0E       		.uleb128 0xe
 382 016c 4A010000 		.4byte	0x14a
 383 0170 0B       		.uleb128 0xb
 384 0171 E8000000 		.4byte	0xe8
 385 0175 80010000 		.4byte	0x180
 386 0179 0C       		.uleb128 0xc
 387 017a 90000000 		.4byte	0x90
 388 017e 01       		.byte	0x1
 389 017f 00       		.byte	0
 390 0180 0D       		.uleb128 0xd
 391 0181 05010000 		.4byte	.LASF26
 392 0185 03       		.byte	0x3
 393 0186 8C       		.byte	0x8c
 394 0187 91010000 		.4byte	0x191
 395 018b 05       		.uleb128 0x5
 396 018c 03       		.byte	0x3
 397 018d 00000000 		.4byte	USB_DEVICE0_CONFIGURATION0_EP_SETTINGS_TABLE
 398 0191 0E       		.uleb128 0xe
 399 0192 70010000 		.4byte	0x170
ARM GAS  C:\Users\Eric\AppData\Local\Temp\ccYSWVLY.s 			page 8


 400 0196 0B       		.uleb128 0xb
 401 0197 63000000 		.4byte	0x63
 402 019b A6010000 		.4byte	0x1a6
 403 019f 0C       		.uleb128 0xc
 404 01a0 90000000 		.4byte	0x90
 405 01a4 00       		.byte	0
 406 01a5 00       		.byte	0
 407 01a6 0D       		.uleb128 0xd
 408 01a7 6F020000 		.4byte	.LASF27
 409 01ab 03       		.byte	0x3
 410 01ac 91       		.byte	0x91
 411 01ad B7010000 		.4byte	0x1b7
 412 01b1 05       		.uleb128 0x5
 413 01b2 03       		.byte	0x3
 414 01b3 00000000 		.4byte	USB_DEVICE0_CONFIGURATION0_INTERFACE_CLASS
 415 01b7 0E       		.uleb128 0xe
 416 01b8 96010000 		.4byte	0x196
 417 01bc 0B       		.uleb128 0xb
 418 01bd 19010000 		.4byte	0x119
 419 01c1 CC010000 		.4byte	0x1cc
 420 01c5 0C       		.uleb128 0xc
 421 01c6 90000000 		.4byte	0x90
 422 01ca 03       		.byte	0x3
 423 01cb 00       		.byte	0
 424 01cc 0D       		.uleb128 0xd
 425 01cd 25000000 		.4byte	.LASF28
 426 01d1 03       		.byte	0x3
 427 01d2 99       		.byte	0x99
 428 01d3 DD010000 		.4byte	0x1dd
 429 01d7 05       		.uleb128 0x5
 430 01d8 03       		.byte	0x3
 431 01d9 00000000 		.4byte	USB_DEVICE0_CONFIGURATION0_TABLE
 432 01dd 0E       		.uleb128 0xe
 433 01de BC010000 		.4byte	0x1bc
 434 01e2 0B       		.uleb128 0xb
 435 01e3 19010000 		.4byte	0x119
 436 01e7 F2010000 		.4byte	0x1f2
 437 01eb 0C       		.uleb128 0xc
 438 01ec 90000000 		.4byte	0x90
 439 01f0 02       		.byte	0x2
 440 01f1 00       		.byte	0
 441 01f2 0D       		.uleb128 0xd
 442 01f3 13000000 		.4byte	.LASF29
 443 01f7 03       		.byte	0x3
 444 01f8 A3       		.byte	0xa3
 445 01f9 03020000 		.4byte	0x203
 446 01fd 05       		.uleb128 0x5
 447 01fe 03       		.byte	0x3
 448 01ff 00000000 		.4byte	USB_DEVICE0_TABLE
 449 0203 0E       		.uleb128 0xe
 450 0204 E2010000 		.4byte	0x1e2
 451 0208 0B       		.uleb128 0xb
 452 0209 19010000 		.4byte	0x119
 453 020d 18020000 		.4byte	0x218
 454 0211 0C       		.uleb128 0xc
 455 0212 90000000 		.4byte	0x90
 456 0216 00       		.byte	0
ARM GAS  C:\Users\Eric\AppData\Local\Temp\ccYSWVLY.s 			page 9


 457 0217 00       		.byte	0
 458 0218 0D       		.uleb128 0xd
 459 0219 4B020000 		.4byte	.LASF30
 460 021d 03       		.byte	0x3
 461 021e AB       		.byte	0xab
 462 021f 29020000 		.4byte	0x229
 463 0223 05       		.uleb128 0x5
 464 0224 03       		.byte	0x3
 465 0225 00000000 		.4byte	USB_TABLE
 466 0229 0E       		.uleb128 0xe
 467 022a 08020000 		.4byte	0x208
 468 022e 0B       		.uleb128 0xb
 469 022f 63000000 		.4byte	0x63
 470 0233 3E020000 		.4byte	0x23e
 471 0237 0C       		.uleb128 0xc
 472 0238 90000000 		.4byte	0x90
 473 023c 30       		.byte	0x30
 474 023d 00       		.byte	0
 475 023e 0D       		.uleb128 0xd
 476 023f 57000000 		.4byte	.LASF31
 477 0243 03       		.byte	0x3
 478 0244 63       		.byte	0x63
 479 0245 4F020000 		.4byte	0x24f
 480 0249 05       		.uleb128 0x5
 481 024a 03       		.byte	0x3
 482 024b 00000000 		.4byte	USB_STRING_DESCRIPTORS
 483 024f 0E       		.uleb128 0xe
 484 0250 2E020000 		.4byte	0x22e
 485 0254 00       		.byte	0
 486              		.section	.debug_abbrev,"",%progbits
 487              	.Ldebug_abbrev0:
 488 0000 01       		.uleb128 0x1
 489 0001 11       		.uleb128 0x11
 490 0002 01       		.byte	0x1
 491 0003 25       		.uleb128 0x25
 492 0004 0E       		.uleb128 0xe
 493 0005 13       		.uleb128 0x13
 494 0006 0B       		.uleb128 0xb
 495 0007 03       		.uleb128 0x3
 496 0008 0E       		.uleb128 0xe
 497 0009 1B       		.uleb128 0x1b
 498 000a 0E       		.uleb128 0xe
 499 000b 10       		.uleb128 0x10
 500 000c 17       		.uleb128 0x17
 501 000d 00       		.byte	0
 502 000e 00       		.byte	0
 503 000f 02       		.uleb128 0x2
 504 0010 24       		.uleb128 0x24
 505 0011 00       		.byte	0
 506 0012 0B       		.uleb128 0xb
 507 0013 0B       		.uleb128 0xb
 508 0014 3E       		.uleb128 0x3e
 509 0015 0B       		.uleb128 0xb
 510 0016 03       		.uleb128 0x3
 511 0017 0E       		.uleb128 0xe
 512 0018 00       		.byte	0
 513 0019 00       		.byte	0
ARM GAS  C:\Users\Eric\AppData\Local\Temp\ccYSWVLY.s 			page 10


 514 001a 03       		.uleb128 0x3
 515 001b 24       		.uleb128 0x24
 516 001c 00       		.byte	0
 517 001d 0B       		.uleb128 0xb
 518 001e 0B       		.uleb128 0xb
 519 001f 3E       		.uleb128 0x3e
 520 0020 0B       		.uleb128 0xb
 521 0021 03       		.uleb128 0x3
 522 0022 08       		.uleb128 0x8
 523 0023 00       		.byte	0
 524 0024 00       		.byte	0
 525 0025 04       		.uleb128 0x4
 526 0026 16       		.uleb128 0x16
 527 0027 00       		.byte	0
 528 0028 03       		.uleb128 0x3
 529 0029 0E       		.uleb128 0xe
 530 002a 3A       		.uleb128 0x3a
 531 002b 0B       		.uleb128 0xb
 532 002c 3B       		.uleb128 0x3b
 533 002d 05       		.uleb128 0x5
 534 002e 49       		.uleb128 0x49
 535 002f 13       		.uleb128 0x13
 536 0030 00       		.byte	0
 537 0031 00       		.byte	0
 538 0032 05       		.uleb128 0x5
 539 0033 13       		.uleb128 0x13
 540 0034 01       		.byte	0x1
 541 0035 0B       		.uleb128 0xb
 542 0036 0B       		.uleb128 0xb
 543 0037 3A       		.uleb128 0x3a
 544 0038 0B       		.uleb128 0xb
 545 0039 3B       		.uleb128 0x3b
 546 003a 0B       		.uleb128 0xb
 547 003b 01       		.uleb128 0x1
 548 003c 13       		.uleb128 0x13
 549 003d 00       		.byte	0
 550 003e 00       		.byte	0
 551 003f 06       		.uleb128 0x6
 552 0040 0D       		.uleb128 0xd
 553 0041 00       		.byte	0
 554 0042 03       		.uleb128 0x3
 555 0043 0E       		.uleb128 0xe
 556 0044 3A       		.uleb128 0x3a
 557 0045 0B       		.uleb128 0xb
 558 0046 3B       		.uleb128 0x3b
 559 0047 0B       		.uleb128 0xb
 560 0048 49       		.uleb128 0x49
 561 0049 13       		.uleb128 0x13
 562 004a 38       		.uleb128 0x38
 563 004b 0B       		.uleb128 0xb
 564 004c 00       		.byte	0
 565 004d 00       		.byte	0
 566 004e 07       		.uleb128 0x7
 567 004f 16       		.uleb128 0x16
 568 0050 00       		.byte	0
 569 0051 03       		.uleb128 0x3
 570 0052 0E       		.uleb128 0xe
ARM GAS  C:\Users\Eric\AppData\Local\Temp\ccYSWVLY.s 			page 11


 571 0053 3A       		.uleb128 0x3a
 572 0054 0B       		.uleb128 0xb
 573 0055 3B       		.uleb128 0x3b
 574 0056 0B       		.uleb128 0xb
 575 0057 49       		.uleb128 0x49
 576 0058 13       		.uleb128 0x13
 577 0059 00       		.byte	0
 578 005a 00       		.byte	0
 579 005b 08       		.uleb128 0x8
 580 005c 0D       		.uleb128 0xd
 581 005d 00       		.byte	0
 582 005e 03       		.uleb128 0x3
 583 005f 08       		.uleb128 0x8
 584 0060 3A       		.uleb128 0x3a
 585 0061 0B       		.uleb128 0xb
 586 0062 3B       		.uleb128 0x3b
 587 0063 0B       		.uleb128 0xb
 588 0064 49       		.uleb128 0x49
 589 0065 13       		.uleb128 0x13
 590 0066 38       		.uleb128 0x38
 591 0067 0B       		.uleb128 0xb
 592 0068 00       		.byte	0
 593 0069 00       		.byte	0
 594 006a 09       		.uleb128 0x9
 595 006b 0F       		.uleb128 0xf
 596 006c 00       		.byte	0
 597 006d 0B       		.uleb128 0xb
 598 006e 0B       		.uleb128 0xb
 599 006f 49       		.uleb128 0x49
 600 0070 13       		.uleb128 0x13
 601 0071 00       		.byte	0
 602 0072 00       		.byte	0
 603 0073 0A       		.uleb128 0xa
 604 0074 26       		.uleb128 0x26
 605 0075 00       		.byte	0
 606 0076 00       		.byte	0
 607 0077 00       		.byte	0
 608 0078 0B       		.uleb128 0xb
 609 0079 01       		.uleb128 0x1
 610 007a 01       		.byte	0x1
 611 007b 49       		.uleb128 0x49
 612 007c 13       		.uleb128 0x13
 613 007d 01       		.uleb128 0x1
 614 007e 13       		.uleb128 0x13
 615 007f 00       		.byte	0
 616 0080 00       		.byte	0
 617 0081 0C       		.uleb128 0xc
 618 0082 21       		.uleb128 0x21
 619 0083 00       		.byte	0
 620 0084 49       		.uleb128 0x49
 621 0085 13       		.uleb128 0x13
 622 0086 2F       		.uleb128 0x2f
 623 0087 0B       		.uleb128 0xb
 624 0088 00       		.byte	0
 625 0089 00       		.byte	0
 626 008a 0D       		.uleb128 0xd
 627 008b 34       		.uleb128 0x34
ARM GAS  C:\Users\Eric\AppData\Local\Temp\ccYSWVLY.s 			page 12


 628 008c 00       		.byte	0
 629 008d 03       		.uleb128 0x3
 630 008e 0E       		.uleb128 0xe
 631 008f 3A       		.uleb128 0x3a
 632 0090 0B       		.uleb128 0xb
 633 0091 3B       		.uleb128 0x3b
 634 0092 0B       		.uleb128 0xb
 635 0093 49       		.uleb128 0x49
 636 0094 13       		.uleb128 0x13
 637 0095 3F       		.uleb128 0x3f
 638 0096 19       		.uleb128 0x19
 639 0097 02       		.uleb128 0x2
 640 0098 18       		.uleb128 0x18
 641 0099 00       		.byte	0
 642 009a 00       		.byte	0
 643 009b 0E       		.uleb128 0xe
 644 009c 26       		.uleb128 0x26
 645 009d 00       		.byte	0
 646 009e 49       		.uleb128 0x49
 647 009f 13       		.uleb128 0x13
 648 00a0 00       		.byte	0
 649 00a1 00       		.byte	0
 650 00a2 00       		.byte	0
 651              		.section	.debug_aranges,"",%progbits
 652 0000 14000000 		.4byte	0x14
 653 0004 0200     		.2byte	0x2
 654 0006 00000000 		.4byte	.Ldebug_info0
 655 000a 04       		.byte	0x4
 656 000b 00       		.byte	0
 657 000c 0000     		.2byte	0
 658 000e 0000     		.2byte	0
 659 0010 00000000 		.4byte	0
 660 0014 00000000 		.4byte	0
 661              		.section	.debug_line,"",%progbits
 662              	.Ldebug_line0:
 663 0000 57000000 		.section	.debug_str,"MS",%progbits,1
 663      02005100 
 663      00000201 
 663      FB0E0D00 
 663      01010101 
 664              	.LASF3:
 665 0000 73686F72 		.ascii	"short unsigned int\000"
 665      7420756E 
 665      7369676E 
 665      65642069 
 665      6E7400
 666              	.LASF29:
 667 0013 5553425F 		.ascii	"USB_DEVICE0_TABLE\000"
 667      44455649 
 667      4345305F 
 667      5441424C 
 667      4500
 668              	.LASF28:
 669 0025 5553425F 		.ascii	"USB_DEVICE0_CONFIGURATION0_TABLE\000"
 669      44455649 
 669      4345305F 
 669      434F4E46 
ARM GAS  C:\Users\Eric\AppData\Local\Temp\ccYSWVLY.s 			page 13


 669      49475552 
 670              	.LASF11:
 671 0046 666C6F61 		.ascii	"float\000"
 671      7400
 672              	.LASF16:
 673 004c 616C7453 		.ascii	"altSetting\000"
 673      65747469 
 673      6E6700
 674              	.LASF31:
 675 0057 5553425F 		.ascii	"USB_STRING_DESCRIPTORS\000"
 675      53545249 
 675      4E475F44 
 675      45534352 
 675      4950544F 
 676              	.LASF23:
 677 006e 545F5553 		.ascii	"T_USB_LUT\000"
 677      425F4C55 
 677      5400
 678              	.LASF1:
 679 0078 756E7369 		.ascii	"unsigned char\000"
 679      676E6564 
 679      20636861 
 679      7200
 680              	.LASF18:
 681 0086 61747472 		.ascii	"attributes\000"
 681      69627574 
 681      657300
 682              	.LASF5:
 683 0091 6C6F6E67 		.ascii	"long unsigned int\000"
 683      20756E73 
 683      69676E65 
 683      6420696E 
 683      7400
 684              	.LASF17:
 685 00a3 61646472 		.ascii	"addr\000"
 685      00
 686              	.LASF21:
 687 00a8 545F5553 		.ascii	"T_USB_EP_SETTINGS_BLOCK\000"
 687      425F4550 
 687      5F534554 
 687      54494E47 
 687      535F424C 
 688              	.LASF24:
 689 00c0 5553425F 		.ascii	"USB_DEVICE0_DESCR\000"
 689      44455649 
 689      4345305F 
 689      44455343 
 689      5200
 690              	.LASF25:
 691 00d2 5553425F 		.ascii	"USB_DEVICE0_CONFIGURATION0_DESCR\000"
 691      44455649 
 691      4345305F 
 691      434F4E46 
 691      49475552 
 692              	.LASF12:
 693 00f3 646F7562 		.ascii	"double\000"
 693      6C6500
ARM GAS  C:\Users\Eric\AppData\Local\Temp\ccYSWVLY.s 			page 14


 694              	.LASF19:
 695 00fa 62756666 		.ascii	"bufferSize\000"
 695      65725369 
 695      7A6500
 696              	.LASF26:
 697 0105 5553425F 		.ascii	"USB_DEVICE0_CONFIGURATION0_EP_SETTINGS_TABLE\000"
 697      44455649 
 697      4345305F 
 697      434F4E46 
 697      49475552 
 698              	.LASF10:
 699 0132 75696E74 		.ascii	"uint16\000"
 699      313600
 700              	.LASF32:
 701 0139 474E5520 		.ascii	"GNU C 4.9.3 20150303 (release) [ARM/embedded-4_9-br"
 701      4320342E 
 701      392E3320 
 701      32303135 
 701      30333033 
 702 016c 616E6368 		.ascii	"anch revision 221220] -mcpu=cortex-m3 -mthumb -g -O"
 702      20726576 
 702      6973696F 
 702      6E203232 
 702      31323230 
 703 019f 67202D66 		.ascii	"g -ffunction-sections -ffat-lto-objects\000"
 703      66756E63 
 703      74696F6E 
 703      2D736563 
 703      74696F6E 
 704              	.LASF34:
 705 01c7 433A5C55 		.ascii	"C:\\Users\\Eric\\Documents\\PSoC Creator\\usb_echo\\"
 705      73657273 
 705      5C457269 
 705      635C446F 
 705      63756D65 
 706 01f5 7573625F 		.ascii	"usb_echo.cydsn\000"
 706      6563686F 
 706      2E637964 
 706      736E00
 707              	.LASF8:
 708 0204 756E7369 		.ascii	"unsigned int\000"
 708      676E6564 
 708      20696E74 
 708      00
 709              	.LASF7:
 710 0211 6C6F6E67 		.ascii	"long long unsigned int\000"
 710      206C6F6E 
 710      6720756E 
 710      7369676E 
 710      65642069 
 711              	.LASF22:
 712 0228 705F6C69 		.ascii	"p_list\000"
 712      737400
 713              	.LASF14:
 714 022f 73697A65 		.ascii	"sizetype\000"
 714      74797065 
 714      00
ARM GAS  C:\Users\Eric\AppData\Local\Temp\ccYSWVLY.s 			page 15


 715              	.LASF6:
 716 0238 6C6F6E67 		.ascii	"long long int\000"
 716      206C6F6E 
 716      6720696E 
 716      7400
 717              	.LASF13:
 718 0246 63686172 		.ascii	"char\000"
 718      00
 719              	.LASF30:
 720 024b 5553425F 		.ascii	"USB_TABLE\000"
 720      5441424C 
 720      4500
 721              	.LASF2:
 722 0255 73686F72 		.ascii	"short int\000"
 722      7420696E 
 722      7400
 723              	.LASF9:
 724 025f 75696E74 		.ascii	"uint8\000"
 724      3800
 725              	.LASF15:
 726 0265 696E7465 		.ascii	"interface\000"
 726      72666163 
 726      6500
 727              	.LASF27:
 728 026f 5553425F 		.ascii	"USB_DEVICE0_CONFIGURATION0_INTERFACE_CLASS\000"
 728      44455649 
 728      4345305F 
 728      434F4E46 
 728      49475552 
 729              	.LASF4:
 730 029a 6C6F6E67 		.ascii	"long int\000"
 730      20696E74 
 730      00
 731              	.LASF33:
 732 02a3 2E5C4765 		.ascii	".\\Generated_Source\\PSoC5\\USB_descr.c\000"
 732      6E657261 
 732      7465645F 
 732      536F7572 
 732      63655C50 
 733              	.LASF0:
 734 02c8 7369676E 		.ascii	"signed char\000"
 734      65642063 
 734      68617200 
 735              	.LASF20:
 736 02d4 624D6973 		.ascii	"bMisc\000"
 736      6300
 737              		.ident	"GCC: (GNU Tools for ARM Embedded Processors) 4.9.3 20150303 (release) [ARM/embedded-4_9-br
