--------------- Build Started: 05/15/2018 17:03:00 Project: usb_echo, Configuration: ARM GCC 5.4-2016-q2-update Debug ---------------
The code generation step is up to date.
arm-none-eabi-gcc.exe -mcpu=cortex-m3 -mthumb -I. -IGenerated_Source\PSoC5 -Wa,-alh=.\CortexM3\ARM_GCC_541\Debug/main.lst -g -D DEBUG -Wall -ffunction-sections -ffat-lto-objects -Og -c main.c -o .\CortexM3\ARM_GCC_541\Debug\main.o
main.c: In function 'RX_INT':
main.c:58:23: warning: pointer targets in passing argument 1 of 'strcpy' differ in signedness [-Wpointer-sign]
     case 0b10: strcpy(errorMsg, "POSITION CONTROL UNAVAILABLE\n\r");
                       ^
In file included from c:\program files (x86)\cypress\psoc creator\4.2\psoc creator\import\gnu\arm\5.4.1\arm-none-eabi\include\string.h:10:0,
                 from Generated_Source\PSoC5/CyLib.h:22,
                 from Generated_Source\PSoC5/USB.h:22,
                 from Generated_Source\PSoC5/project.h:22,
                 from main.c:12:
c:\program files (x86)\cypress\psoc creator\4.2\psoc creator\import\gnu\arm\5.4.1\arm-none-eabi\include\string.h:30:8: note: expected 'char * restrict' but argument is of type 'uint8 * {aka unsigned char *}'
 char  *_EXFUN(strcpy,(char *__restrict, const char *__restrict));
        ^
main.c:60:23: warning: pointer targets in passing argument 1 of 'strcpy' differ in signedness [-Wpointer-sign]
     case 0b11: strcpy(errorMsg, "SPEED CONTROL UNAVAILABLE\n\r");
                       ^
In file included from c:\program files (x86)\cypress\psoc creator\4.2\psoc creator\import\gnu\arm\5.4.1\arm-none-eabi\include\string.h:10:0,
                 from Generated_Source\PSoC5/CyLib.h:22,
                 from Generated_Source\PSoC5/USB.h:22,
                 from Generated_Source\PSoC5/project.h:22,
                 from main.c:12:
c:\program files (x86)\cypress\psoc creator\4.2\psoc creator\import\gnu\arm\5.4.1\arm-none-eabi\include\string.h:30:8: note: expected 'char * restrict' but argument is of type 'uint8 * {aka unsigned char *}'
 char  *_EXFUN(strcpy,(char *__restrict, const char *__restrict));
        ^
main.c:62:23: warning: pointer targets in passing argument 1 of 'strcpy' differ in signedness [-Wpointer-sign]
     case 0b01: strcpy(errorMsg, "NO SUCH MOTOR ERROR\n\r");
                       ^
In file included from c:\program files (x86)\cypress\psoc creator\4.2\psoc creator\import\gnu\arm\5.4.1\arm-none-eabi\include\string.h:10:0,
                 from Generated_Source\PSoC5/CyLib.h:22,
                 from Generated_Source\PSoC5/USB.h:22,
                 from Generated_Source\PSoC5/project.h:22,
                 from main.c:12:
c:\program files (x86)\cypress\psoc creator\4.2\psoc creator\import\gnu\arm\5.4.1\arm-none-eabi\include\string.h:30:8: note: expected 'char * restrict' but argument is of type 'uint8 * {aka unsigned char *}'
 char  *_EXFUN(strcpy,(char *__restrict, const char *__restrict));
        ^
main.c:64:16: warning: implicit declaration of function 'sprintf' [-Wimplicit-function-declaration]
     case 0b00: sprintf(errorMsg, "Success! data was delivered to the R31JP");
                ^
main.c:64:16: warning: incompatible implicit declaration of built-in function 'sprintf'
main.c:64:16: note: include '<stdio.h>' or provide a declaration of 'sprintf'
main.c:64:24: warning: pointer targets in passing argument 1 of 'sprintf' differ in signedness [-Wpointer-sign]
     case 0b00: sprintf(errorMsg, "Success! data was delivered to the R31JP");
                        ^
main.c:64:24: note: expected 'char *' but argument is of type 'uint8 * {aka unsigned char *}'
main.c:66:22: warning: pointer targets in passing argument 1 of 'sprintf' differ in signedness [-Wpointer-sign]
     default: sprintf(errorMsg, "received from the R31JP:%d", RxData);
                      ^
main.c:66:22: note: expected 'char *' but argument is of type 'uint8 * {aka unsigned char *}'
main.c:68:31: warning: pointer targets in passing argument 1 of 'strlen' differ in signedness [-Wpointer-sign]
     uint16 errLength = strlen(errorMsg);
                               ^
In file included from c:\program files (x86)\cypress\psoc creator\4.2\psoc creator\import\gnu\arm\5.4.1\arm-none-eabi\include\string.h:10:0,
                 from Generated_Source\PSoC5/CyLib.h:22,
                 from Generated_Source\PSoC5/USB.h:22,
                 from Generated_Source\PSoC5/project.h:22,
                 from main.c:12:
c:\program files (x86)\cypress\psoc creator\4.2\psoc creator\import\gnu\arm\5.4.1\arm-none-eabi\include\string.h:33:9: note: expected 'const char *' but argument is of type 'uint8 * {aka unsigned char *}'
 size_t  _EXFUN(strlen,(const char *));
         ^
main.c: In function 'main':
main.c:104:35: warning: pointer targets in passing argument 1 of 'strcpy' differ in signedness [-Wpointer-sign]
             if (receiving) strcpy(lines[current_line_num], buffer);
                                   ^
In file included from c:\program files (x86)\cypress\psoc creator\4.2\psoc creator\import\gnu\arm\5.4.1\arm-none-eabi\include\string.h:10:0,
                 from Generated_Source\PSoC5/CyLib.h:22,
                 from Generated_Source\PSoC5/USB.h:22,
                 from Generated_Source\PSoC5/project.h:22,
                 from main.c:12:
c:\program files (x86)\cypress\psoc creator\4.2\psoc creator\import\gnu\arm\5.4.1\arm-none-eabi\include\string.h:30:8: note: expected 'char * restrict' but argument is of type 'uint8 * {aka unsigned char *}'
 char  *_EXFUN(strcpy,(char *__restrict, const char *__restrict));
        ^
main.c:104:60: warning: pointer targets in passing argument 2 of 'strcpy' differ in signedness [-Wpointer-sign]
             if (receiving) strcpy(lines[current_line_num], buffer);
                                                            ^
In file included from c:\program files (x86)\cypress\psoc creator\4.2\psoc creator\import\gnu\arm\5.4.1\arm-none-eabi\include\string.h:10:0,
                 from Generated_Source\PSoC5/CyLib.h:22,
                 from Generated_Source\PSoC5/USB.h:22,
                 from Generated_Source\PSoC5/project.h:22,
                 from main.c:12:
c:\program files (x86)\cypress\psoc creator\4.2\psoc creator\import\gnu\arm\5.4.1\arm-none-eabi\include\string.h:30:8: note: expected 'const char * restrict' but argument is of type 'uint8 * {aka unsigned char *}'
 char  *_EXFUN(strcpy,(char *__restrict, const char *__restrict));
        ^
main.c:108:20: warning: pointer targets in passing argument 1 of 'strcpy' differ in signedness [-Wpointer-sign]
             strcpy(buffer, lines[current_line_num]);
                    ^
In file included from c:\program files (x86)\cypress\psoc creator\4.2\psoc creator\import\gnu\arm\5.4.1\arm-none-eabi\include\string.h:10:0,
                 from Generated_Source\PSoC5/CyLib.h:22,
                 from Generated_Source\PSoC5/USB.h:22,
                 from Generated_Source\PSoC5/project.h:22,
                 from main.c:12:
c:\program files (x86)\cypress\psoc creator\4.2\psoc creator\import\gnu\arm\5.4.1\arm-none-eabi\include\string.h:30:8: note: expected 'char * restrict' but argument is of type 'uint8 * {aka unsigned char *}'
 char  *_EXFUN(strcpy,(char *__restrict, const char *__restrict));
        ^
main.c:108:28: warning: pointer targets in passing argument 2 of 'strcpy' differ in signedness [-Wpointer-sign]
             strcpy(buffer, lines[current_line_num]);
                            ^
In file included from c:\program files (x86)\cypress\psoc creator\4.2\psoc creator\import\gnu\arm\5.4.1\arm-none-eabi\include\string.h:10:0,
                 from Generated_Source\PSoC5/CyLib.h:22,
                 from Generated_Source\PSoC5/USB.h:22,
                 from Generated_Source\PSoC5/project.h:22,
                 from main.c:12:
c:\program files (x86)\cypress\psoc creator\4.2\psoc creator\import\gnu\arm\5.4.1\arm-none-eabi\include\string.h:30:8: note: expected 'const char * restrict' but argument is of type 'uint8 * {aka unsigned char *}'
 char  *_EXFUN(strcpy,(char *__restrict, const char *__restrict));
        ^
main.c:115:23: warning: pointer targets in passing argument 1 of 'strtok' differ in signedness [-Wpointer-sign]
         word = strtok(buffer, " \n\r");
                       ^
In file included from c:\program files (x86)\cypress\psoc creator\4.2\psoc creator\import\gnu\arm\5.4.1\arm-none-eabi\include\string.h:10:0,
                 from Generated_Source\PSoC5/CyLib.h:22,
                 from Generated_Source\PSoC5/USB.h:22,
                 from Generated_Source\PSoC5/project.h:22,
                 from main.c:12:
c:\program files (x86)\cypress\psoc creator\4.2\psoc creator\import\gnu\arm\5.4.1\arm-none-eabi\include\string.h:42:8: note: expected 'char * restrict' but argument is of type 'uint8 * {aka unsigned char *}'
 char  *_EXFUN(strtok,(char *__restrict, const char *__restrict));
        ^
main.c:126:21: warning: incompatible implicit declaration of built-in function 'sprintf'
                     sprintf(line, "Parse Error: UNKNOWN COMMAND");
                     ^
main.c:126:21: note: include '<stdio.h>' or provide a declaration of 'sprintf'
main.c:126:29: warning: pointer targets in passing argument 1 of 'sprintf' differ in signedness [-Wpointer-sign]
                     sprintf(line, "Parse Error: UNKNOWN COMMAND");
                             ^
main.c:126:29: note: expected 'char *' but argument is of type 'uint8 * {aka unsigned char *}'
main.c:144:28: warning: pointer targets in passing argument 1 of 'strcpy' differ in signedness [-Wpointer-sign]
                     strcpy(line, "Parse Error: INVALID ARGUMENT");
                            ^
In file included from c:\program files (x86)\cypress\psoc creator\4.2\psoc creator\import\gnu\arm\5.4.1\arm-none-eabi\include\string.h:10:0,
                 from Generated_Source\PSoC5/CyLib.h:22,
                 from Generated_Source\PSoC5/USB.h:22,
                 from Generated_Source\PSoC5/project.h:22,
                 from main.c:12:
c:\program files (x86)\cypress\psoc creator\4.2\psoc creator\import\gnu\arm\5.4.1\arm-none-eabi\include\string.h:30:8: note: expected 'char * restrict' but argument is of type 'uint8 * {aka unsigned char *}'
 char  *_EXFUN(strcpy,(char *__restrict, const char *__restrict));
        ^
main.c:164:21: warning: incompatible implicit declaration of built-in function 'sprintf'
                     sprintf(line, "Parse Error: UNKNOWN KEYWORD: %s", word);
                     ^
main.c:164:21: note: include '<stdio.h>' or provide a declaration of 'sprintf'
main.c:164:29: warning: pointer targets in passing argument 1 of 'sprintf' differ in signedness [-Wpointer-sign]
                     sprintf(line, "Parse Error: UNKNOWN KEYWORD: %s", word);
                             ^
main.c:164:29: note: expected 'char *' but argument is of type 'uint8 * {aka unsigned char *}'
main.c:187:21: warning: incompatible implicit declaration of built-in function 'sprintf'
                     sprintf(line, "Parse Error: INVALID VALUE: %d", number);
                     ^
main.c:187:21: note: include '<stdio.h>' or provide a declaration of 'sprintf'
main.c:187:29: warning: pointer targets in passing argument 1 of 'sprintf' differ in signedness [-Wpointer-sign]
                     sprintf(line, "Parse Error: INVALID VALUE: %d", number);
                             ^
main.c:187:29: note: expected 'char *' but argument is of type 'uint8 * {aka unsigned char *}'
main.c:224:17: warning: incompatible implicit declaration of built-in function 'sprintf'
                 sprintf(line, "Success! Data being sent right over. line=%d numlines=%d", current_line_num, num_lines);
                 ^
main.c:224:17: note: include '<stdio.h>' or provide a declaration of 'sprintf'
main.c:224:25: warning: pointer targets in passing argument 1 of 'sprintf' differ in signedness [-Wpointer-sign]
                 sprintf(line, "Success! Data being sent right over. line=%d numlines=%d", current_line_num, num_lines);
                         ^
main.c:224:25: note: expected 'char *' but argument is of type 'uint8 * {aka unsigned char *}'
main.c:257:17: warning: incompatible implicit declaration of built-in function 'sprintf'
                 sprintf(line, "Success! This command: %c, was evaluated in the PSoC.\n\r", cmd);
                 ^
main.c:257:17: note: include '<stdio.h>' or provide a declaration of 'sprintf'
main.c:257:25: warning: pointer targets in passing argument 1 of 'sprintf' differ in signedness [-Wpointer-sign]
                 sprintf(line, "Success! This command: %c, was evaluated in the PSoC.\n\r", cmd);
                         ^
main.c:257:25: note: expected 'char *' but argument is of type 'uint8 * {aka unsigned char *}'
main.c:260:25: warning: pointer targets in passing argument 1 of 'strlen' differ in signedness [-Wpointer-sign]
         length = strlen(line);
                         ^
In file included from c:\program files (x86)\cypress\psoc creator\4.2\psoc creator\import\gnu\arm\5.4.1\arm-none-eabi\include\string.h:10:0,
                 from Generated_Source\PSoC5/CyLib.h:22,
                 from Generated_Source\PSoC5/USB.h:22,
                 from Generated_Source\PSoC5/project.h:22,
                 from main.c:12:
c:\program files (x86)\cypress\psoc creator\4.2\psoc creator\import\gnu\arm\5.4.1\arm-none-eabi\include\string.h:33:9: note: expected 'const char *' but argument is of type 'uint8 * {aka unsigned char *}'
 size_t  _EXFUN(strlen,(const char *));
         ^
arm-none-eabi-ar.exe -rs .\CortexM3\ARM_GCC_541\Debug\usb_echo.a .\CortexM3\ARM_GCC_541\Debug\USB.o .\CortexM3\ARM_GCC_541\Debug\USB_audio.o .\CortexM3\ARM_GCC_541\Debug\USB_boot.o .\CortexM3\ARM_GCC_541\Debug\USB_cdc.o .\CortexM3\ARM_GCC_541\Debug\USB_cls.o .\CortexM3\ARM_GCC_541\Debug\USB_descr.o .\CortexM3\ARM_GCC_541\Debug\USB_drv.o .\CortexM3\ARM_GCC_541\Debug\USB_episr.o .\CortexM3\ARM_GCC_541\Debug\USB_hid.o .\CortexM3\ARM_GCC_541\Debug\USB_pm.o .\CortexM3\ARM_GCC_541\Debug\USB_std.o .\CortexM3\ARM_GCC_541\Debug\USB_vnd.o .\CortexM3\ARM_GCC_541\Debug\USB_midi.o .\CortexM3\ARM_GCC_541\Debug\USB_msc.o .\CortexM3\ARM_GCC_541\Debug\USB_Dm.o .\CortexM3\ARM_GCC_541\Debug\USB_Dp.o .\CortexM3\ARM_GCC_541\Debug\CyDmac.o .\CortexM3\ARM_GCC_541\Debug\CyFlash.o .\CortexM3\ARM_GCC_541\Debug\CyLib.o .\CortexM3\ARM_GCC_541\Debug\cyPm.o .\CortexM3\ARM_GCC_541\Debug\CySpc.o .\CortexM3\ARM_GCC_541\Debug\cyutils.o .\CortexM3\ARM_GCC_541\Debug\cy_em_eeprom.o .\CortexM3\ARM_GCC_541\Debug\Pin_1.o .\CortexM3\ARM_GCC_541\Debug\Pin_2.o .\CortexM3\ARM_GCC_541\Debug\Pin_3.o .\CortexM3\ARM_GCC_541\Debug\Pin_4.o .\CortexM3\ARM_GCC_541\Debug\Pin_5.o .\CortexM3\ARM_GCC_541\Debug\Pin_6.o .\CortexM3\ARM_GCC_541\Debug\Pin_7.o .\CortexM3\ARM_GCC_541\Debug\Pin_8.o .\CortexM3\ARM_GCC_541\Debug\Pin_9.o .\CortexM3\ARM_GCC_541\Debug\LCD.o .\CortexM3\ARM_GCC_541\Debug\LCD_PM.o .\CortexM3\ARM_GCC_541\Debug\UART.o .\CortexM3\ARM_GCC_541\Debug\UART_PM.o .\CortexM3\ARM_GCC_541\Debug\UART_INT.o .\CortexM3\ARM_GCC_541\Debug\UART_BOOT.o .\CortexM3\ARM_GCC_541\Debug\rx_int.o .\CortexM3\ARM_GCC_541\Debug\TX.o .\CortexM3\ARM_GCC_541\Debug\tx_int.o .\CortexM3\ARM_GCC_541\Debug\LCD_LCDPort.o .\CortexM3\ARM_GCC_541\Debug\UART_IntClock.o .\CortexM3\ARM_GCC_541\Debug\CyBootAsmGnu.o
arm-none-eabi-ar.exe: creating .\CortexM3\ARM_GCC_541\Debug\usb_echo.a
arm-none-eabi-gcc.exe -Wl,--start-group -o C:\Users\Walaa\Downloads\usb_echo\usb_echo\usb_echo.cydsn\CortexM3\ARM_GCC_541\Debug\usb_echo.elf .\CortexM3\ARM_GCC_541\Debug\main.o .\CortexM3\ARM_GCC_541\Debug\cyfitter_cfg.o .\CortexM3\ARM_GCC_541\Debug\cymetadata.o .\CortexM3\ARM_GCC_541\Debug\Cm3Start.o .\CortexM3\ARM_GCC_541\Debug\usb_echo.a "C:\Program Files (x86)\Cypress\PSoC Creator\4.2\PSoC Creator\psoc\content\cycomponentlibrary\CyComponentLibrary.cylib\CortexM3\ARM_GCC_541\Debug\CyComponentLibrary.a" -mcpu=cortex-m3 -mthumb -L Generated_Source\PSoC5 -Wl,-Map,.\CortexM3\ARM_GCC_541\Debug/usb_echo.map -T Generated_Source\PSoC5\cm3gcc.ld -specs=nano.specs -Wl,--gc-sections -g -ffunction-sections -Og -ffat-lto-objects -Wl,--end-group
cyelftool.exe -C C:\Users\Walaa\Downloads\usb_echo\usb_echo\usb_echo.cydsn\CortexM3\ARM_GCC_541\Debug\usb_echo.elf --flash_row_size 256 --flash_size 262144 --flash_offset 0x00000000
No ELF section .cychecksum found, creating one
Application checksum calculated and stored in ELF section .cychecksum
Checksum calculated and stored in ELF section .cymeta
cyelftool.exe -S C:\Users\Walaa\Downloads\usb_echo\usb_echo\usb_echo.cydsn\CortexM3\ARM_GCC_541\Debug\usb_echo.elf
Flash used: 11654 of 262144 bytes (4.4 %).
SRAM used: 8385 of 65536 bytes (12.8 %). Stack: 2048 bytes. Heap: 128 bytes.
--------------- Build Succeeded: 05/15/2018 17:03:01 ---------------
